<?xml version="1.0" encoding="UTF-8"?>
<!-- Generated by org.testng.reporters.JUnitXMLReporter -->
<testsuite ignored="27" hostname="SCRM-33" failures="15" tests="107" name="Test1" time="10370.186" errors="0" timestamp="2023-06-19T20:08:08 IST">
  <testcase classname="Contacts_Module.ContactsTestClass" name="CreateContacts" time="315.941"/>
  <testcase classname="Contacts_Module.ContactsTestClass" name="DeleteContactFromEditOption" time="16.065"/>
  <testcase classname="Contacts_Module.ContactsTestClass" name="DeleteContactFromListView" time="14.592"/>
  <testcase classname="Contacts_Module.ContactsTestClass" name="DuplicateContact" time="18.772">
    <failure type="java.lang.AssertionError" message="The following asserts failed:
	Failed: Both result are different expected [Komal Kolhe] but found []">
      <![CDATA[java.lang.AssertionError: The following asserts failed:
Failed: Both result are different expected [Komal Kolhe] but found []
at Contacts_Module.ContactsTestClass.DuplicateContact(ContactsTestClass.java:234)
at java.base/java.util.ArrayList.forEach(ArrayList.java:1541)
... Removed 29 stack frames]]>
    </failure>
  </testcase> <!-- DuplicateContact -->
  <testcase classname="Contacts_Module.ContactsTestClass" name="EditContacts" time="21.123"/>
  <testcase classname="Contacts_Module.ContactsTestClass" name="EmailSetting" time="19.238"/>
  <testcase classname="Contacts_Module.ContactsTestClass" name="ExportRecordsForContacts" time="22.071"/>
  <testcase classname="Contacts_Module.ContactsTestClass" name="MassUpdateContacts" time="19.22"/>
  <testcase classname="Contacts_Module.ContactsTestClass" name="MultipleEmailAddress" time="9.471"/>
  <testcase classname="Contacts_Module.ContactsTestClass" name="alternteAddress" time="0.0">
    <skipped/>
  </testcase> <!-- alternteAddress -->
  <testcase classname="Opportunities_Module.OpportunitiesTestClass" name="CreateOpportunities" time="844.386"/>
  <testcase classname="Opportunities_Module.OpportunitiesTestClass" name="DeleteOpportunityFromEditOption" time="17.98"/>
  <testcase classname="Opportunities_Module.OpportunitiesTestClass" name="DeleteOpportunityFromListView" time="16.018"/>
  <testcase classname="Opportunities_Module.OpportunitiesTestClass" name="DuplicateOpportunity" time="15.348"/>
  <testcase classname="Opportunities_Module.OpportunitiesTestClass" name="ExportRecordsForOpportunities" time="27.484"/>
  <testcase classname="Opportunities_Module.OpportunitiesTestClass" name="MassUpdateOpportunities" time="27.774"/>
  <testcase classname="Opportunities_Module.OpportunitiesTestClass" name="editOpportunity" time="67.953"/>
  <testcase classname="Account_Module.AccountTestClass" name="CreateAccount" time="629.108"/>
  <testcase classname="Account_Module.AccountTestClass" name="DeleteAccountFromEditOption" time="18.988"/>
  <testcase classname="Account_Module.AccountTestClass" name="DeleteAccountFromListView" time="17.107"/>
  <testcase classname="Account_Module.AccountTestClass" name="DuplicateAccount" time="19.09"/>
  <testcase classname="Account_Module.AccountTestClass" name="EditAccount" time="21.155"/>
  <testcase classname="Account_Module.AccountTestClass" name="EmailSetting" time="19.36"/>
  <testcase classname="Account_Module.AccountTestClass" name="ExportRecordsForAccounts" time="25.244"/>
  <testcase classname="Account_Module.AccountTestClass" name="MassUpdateAccount" time="24.129"/>
  <testcase classname="Account_Module.AccountTestClass" name="MultipleEmailAddress" time="10.23"/>
  <testcase classname="Account_Module.AccountTestClass" name="ShippingAddress" time="16.016"/>
  <testcase classname="Calls_Module.CallsTestClass" name="AddMulitpleInviteesInRemainder" time="60.172"/>
  <testcase classname="Calls_Module.CallsTestClass" name="MassUpdateCalls" time="28.498"/>
  <testcase classname="Task_Module.TaskTestClass" name="CreateTasks" time="566.711"/>
  <testcase classname="Task_Module.TaskTestClass" name="DeleteTaskFromEditOption" time="21.483"/>
  <testcase classname="Task_Module.TaskTestClass" name="DeleteTaskFromListView" time="21.522"/>
  <testcase classname="Task_Module.TaskTestClass" name="DuplicateTask" time="22.154"/>
  <testcase classname="Task_Module.TaskTestClass" name="EditTask" time="40.241"/>
  <testcase classname="Task_Module.TaskTestClass" name="ExportRecordsForTasks" time="37.632"/>
  <testcase classname="Task_Module.TaskTestClass" name="MassUpdateTasks" time="27.629"/>
  <testcase classname="Lead_Module.LeadTestClass" name="CreateLead" time="593.499">
    <failure type="java.lang.ArrayIndexOutOfBoundsException" message="Index 1 out of bounds for length 1">
      <![CDATA[java.lang.ArrayIndexOutOfBoundsException: Index 1 out of bounds for length 1
at POM_Lead_Module.Add_Lead.AssignedTo(Add_Lead.java:492)
at Lead_Module.LeadTestClass.CreateLead(LeadTestClass.java:128)
at java.base/java.util.ArrayList.forEach(ArrayList.java:1541)
... Removed 27 stack frames]]>
    </failure>
  </testcase> <!-- CreateLead -->
  <testcase classname="Lead_Module.LeadTestClass" name="DeleteFromEditOption" time="18.96">
    <failure type="org.openqa.selenium.NoSuchElementException" message="no such element: Unable to locate element: {&amp;quot;method&amp;quot;:&amp;quot;xpath&amp;quot;,&amp;quot;selector&amp;quot;:&amp;quot;//a[contains(text(),&amp;apos;Sona&amp;apos;)]&amp;quot;}
  (Session info: chrome=114.0.5735.134)
For documentation on this error, please visit: https://selenium.dev/exceptions/#no_such_element
Build info: version: &amp;apos;4.2.2&amp;apos;, revision: &amp;apos;683ccb65d6&amp;apos;
System info: host: &amp;apos;SCRM-33&amp;apos;, ip: &amp;apos;192.168.0.108&amp;apos;, os.name: &amp;apos;Windows 11&amp;apos;, os.arch: &amp;apos;amd64&amp;apos;, os.version: &amp;apos;10.0&amp;apos;, java.version: &amp;apos;11.0.17&amp;apos;
Driver info: org.openqa.selenium.chrome.ChromeDriver
Command: [6125ba6664cde4819d2a02145287854c, findElement {using=xpath, value=//a[contains(text(),&amp;apos;Sona&amp;apos;)]}]
Capabilities {acceptInsecureCerts: false, browserName: chrome, browserVersion: 114.0.5735.134, chrome: {chromedriverVersion: 113.0.5672.63 (0e1a4471d5ae..., userDataDir: C:\Users\LENOVO~1\AppData\L...}, goog:chromeOptions: {debuggerAddress: localhost:63064}, networkConnectionEnabled: false, pageLoadStrategy: normal, platformName: WINDOWS, proxy: Proxy(), se:cdp: ws://localhost:63064/devtoo..., se:cdpVersion: 114.0.5735.134, setWindowRect: true, strictFileInteractability: false, timeouts: {implicit: 0, pageLoad: 300000, script: 30000}, unhandledPromptBehavior: dismiss and notify, webauthn:extension:credBlob: true, webauthn:extension:largeBlob: true, webauthn:extension:minPinLength: true, webauthn:extension:prf: true, webauthn:virtualAuthenticators: true}
Session ID: 6125ba6664cde4819d2a02145287854c">
      <![CDATA[org.openqa.selenium.NoSuchElementException: no such element: Unable to locate element: {"method":"xpath","selector":"//a[contains(text(),'Sona')]"}
  (Session info: chrome=114.0.5735.134)
For documentation on this error, please visit: https://selenium.dev/exceptions/#no_such_element
Build info: version: '4.2.2', revision: '683ccb65d6'
System info: host: 'SCRM-33', ip: '192.168.0.108', os.name: 'Windows 11', os.arch: 'amd64', os.version: '10.0', java.version: '11.0.17'
Driver info: org.openqa.selenium.chrome.ChromeDriver
Command: [6125ba6664cde4819d2a02145287854c, findElement {using=xpath, value=//a[contains(text(),'Sona')]}]
Capabilities {acceptInsecureCerts: false, browserName: chrome, browserVersion: 114.0.5735.134, chrome: {chromedriverVersion: 113.0.5672.63 (0e1a4471d5ae..., userDataDir: C:\Users\LENOVO~1\AppData\L...}, goog:chromeOptions: {debuggerAddress: localhost:63064}, networkConnectionEnabled: false, pageLoadStrategy: normal, platformName: WINDOWS, proxy: Proxy(), se:cdp: ws://localhost:63064/devtoo..., se:cdpVersion: 114.0.5735.134, setWindowRect: true, strictFileInteractability: false, timeouts: {implicit: 0, pageLoad: 300000, script: 30000}, unhandledPromptBehavior: dismiss and notify, webauthn:extension:credBlob: true, webauthn:extension:largeBlob: true, webauthn:extension:minPinLength: true, webauthn:extension:prf: true, webauthn:virtualAuthenticators: true}
Session ID: 6125ba6664cde4819d2a02145287854c
at org.openqa.selenium.remote.codec.w3c.W3CHttpResponseCodec.createException(W3CHttpResponseCodec.java:200)
at org.openqa.selenium.remote.codec.w3c.W3CHttpResponseCodec.decode(W3CHttpResponseCodec.java:133)
at org.openqa.selenium.remote.codec.w3c.W3CHttpResponseCodec.decode(W3CHttpResponseCodec.java:53)
at org.openqa.selenium.remote.HttpCommandExecutor.execute(HttpCommandExecutor.java:184)
at org.openqa.selenium.remote.service.DriverCommandExecutor.invokeExecute(DriverCommandExecutor.java:167)
at org.openqa.selenium.remote.service.DriverCommandExecutor.execute(DriverCommandExecutor.java:142)
at org.openqa.selenium.remote.RemoteWebDriver.execute(RemoteWebDriver.java:588)
at org.openqa.selenium.remote.ElementLocation$ElementFinder$2.findElement(ElementLocation.java:162)
at org.openqa.selenium.remote.ElementLocation.findElement(ElementLocation.java:60)
at org.openqa.selenium.remote.RemoteWebDriver.findElement(RemoteWebDriver.java:406)
at org.openqa.selenium.remote.RemoteWebDriver.findElement(RemoteWebDriver.java:398)
at POM_Lead_Module.Lead_ListView.clickOnName(Lead_ListView.java:142)
at Lead_Module.LeadTestClass.DeleteFromEditOption(LeadTestClass.java:236)
at java.base/java.util.ArrayList.forEach(ArrayList.java:1541)
... Removed 31 stack frames]]>
    </failure>
  </testcase> <!-- DeleteFromEditOption -->
  <testcase classname="Lead_Module.LeadTestClass" name="DeleteLeadFromListView" time="18.39">
    <failure type="org.openqa.selenium.NoSuchElementException" message="no such element: Unable to locate element: {&amp;quot;method&amp;quot;:&amp;quot;xpath&amp;quot;,&amp;quot;selector&amp;quot;:&amp;quot;//tr[contains(@id,&amp;apos;MUIDataTableBodyRow&amp;apos;)]//a[contains(text(),&amp;apos;Komal&amp;apos;)]/../../../..//input[contains(@id,&amp;apos;MUIDataTableSelectCell&amp;apos;)]&amp;quot;}
  (Session info: chrome=114.0.5735.134)
For documentation on this error, please visit: https://selenium.dev/exceptions/#no_such_element
Build info: version: &amp;apos;4.2.2&amp;apos;, revision: &amp;apos;683ccb65d6&amp;apos;
System info: host: &amp;apos;SCRM-33&amp;apos;, ip: &amp;apos;192.168.0.108&amp;apos;, os.name: &amp;apos;Windows 11&amp;apos;, os.arch: &amp;apos;amd64&amp;apos;, os.version: &amp;apos;10.0&amp;apos;, java.version: &amp;apos;11.0.17&amp;apos;
Driver info: org.openqa.selenium.chrome.ChromeDriver
Command: [9cdcd347d2dde509ca4d09b71b75853e, findElement {using=xpath, value=//tr[contains(@id,&amp;apos;MUIDataTableBodyRow&amp;apos;)]//a[contains(text(),&amp;apos;Komal&amp;apos;)]/../../../..//input[contains(@id,&amp;apos;MUIDataTableSelectCell&amp;apos;)]}]
Capabilities {acceptInsecureCerts: false, browserName: chrome, browserVersion: 114.0.5735.134, chrome: {chromedriverVersion: 113.0.5672.63 (0e1a4471d5ae..., userDataDir: C:\Users\LENOVO~1\AppData\L...}, goog:chromeOptions: {debuggerAddress: localhost:63103}, networkConnectionEnabled: false, pageLoadStrategy: normal, platformName: WINDOWS, proxy: Proxy(), se:cdp: ws://localhost:63103/devtoo..., se:cdpVersion: 114.0.5735.134, setWindowRect: true, strictFileInteractability: false, timeouts: {implicit: 0, pageLoad: 300000, script: 30000}, unhandledPromptBehavior: dismiss and notify, webauthn:extension:credBlob: true, webauthn:extension:largeBlob: true, webauthn:extension:minPinLength: true, webauthn:extension:prf: true, webauthn:virtualAuthenticators: true}
Session ID: 9cdcd347d2dde509ca4d09b71b75853e">
      <![CDATA[org.openqa.selenium.NoSuchElementException: no such element: Unable to locate element: {"method":"xpath","selector":"//tr[contains(@id,'MUIDataTableBodyRow')]//a[contains(text(),'Komal')]/../../../..//input[contains(@id,'MUIDataTableSelectCell')]"}
  (Session info: chrome=114.0.5735.134)
For documentation on this error, please visit: https://selenium.dev/exceptions/#no_such_element
Build info: version: '4.2.2', revision: '683ccb65d6'
System info: host: 'SCRM-33', ip: '192.168.0.108', os.name: 'Windows 11', os.arch: 'amd64', os.version: '10.0', java.version: '11.0.17'
Driver info: org.openqa.selenium.chrome.ChromeDriver
Command: [9cdcd347d2dde509ca4d09b71b75853e, findElement {using=xpath, value=//tr[contains(@id,'MUIDataTableBodyRow')]//a[contains(text(),'Komal')]/../../../..//input[contains(@id,'MUIDataTableSelectCell')]}]
Capabilities {acceptInsecureCerts: false, browserName: chrome, browserVersion: 114.0.5735.134, chrome: {chromedriverVersion: 113.0.5672.63 (0e1a4471d5ae..., userDataDir: C:\Users\LENOVO~1\AppData\L...}, goog:chromeOptions: {debuggerAddress: localhost:63103}, networkConnectionEnabled: false, pageLoadStrategy: normal, platformName: WINDOWS, proxy: Proxy(), se:cdp: ws://localhost:63103/devtoo..., se:cdpVersion: 114.0.5735.134, setWindowRect: true, strictFileInteractability: false, timeouts: {implicit: 0, pageLoad: 300000, script: 30000}, unhandledPromptBehavior: dismiss and notify, webauthn:extension:credBlob: true, webauthn:extension:largeBlob: true, webauthn:extension:minPinLength: true, webauthn:extension:prf: true, webauthn:virtualAuthenticators: true}
Session ID: 9cdcd347d2dde509ca4d09b71b75853e
at org.openqa.selenium.remote.codec.w3c.W3CHttpResponseCodec.createException(W3CHttpResponseCodec.java:200)
at org.openqa.selenium.remote.codec.w3c.W3CHttpResponseCodec.decode(W3CHttpResponseCodec.java:133)
at org.openqa.selenium.remote.codec.w3c.W3CHttpResponseCodec.decode(W3CHttpResponseCodec.java:53)
at org.openqa.selenium.remote.HttpCommandExecutor.execute(HttpCommandExecutor.java:184)
at org.openqa.selenium.remote.service.DriverCommandExecutor.invokeExecute(DriverCommandExecutor.java:167)
at org.openqa.selenium.remote.service.DriverCommandExecutor.execute(DriverCommandExecutor.java:142)
at org.openqa.selenium.remote.RemoteWebDriver.execute(RemoteWebDriver.java:588)
at org.openqa.selenium.remote.ElementLocation$ElementFinder$2.findElement(ElementLocation.java:162)
at org.openqa.selenium.remote.ElementLocation.findElement(ElementLocation.java:60)
at org.openqa.selenium.remote.RemoteWebDriver.findElement(RemoteWebDriver.java:406)
at org.openqa.selenium.remote.RemoteWebDriver.findElement(RemoteWebDriver.java:398)
at POM_Lead_Module.Lead_ListView.selectCheckBox(Lead_ListView.java:158)
at Lead_Module.LeadTestClass.DeleteLeadFromListView(LeadTestClass.java:207)
at java.base/java.util.ArrayList.forEach(ArrayList.java:1541)
... Removed 31 stack frames]]>
    </failure>
  </testcase> <!-- DeleteLeadFromListView -->
  <testcase classname="Lead_Module.LeadTestClass" name="DuplicateLead" time="20.279"/>
  <testcase classname="Lead_Module.LeadTestClass" name="EditLead" time="27.444"/>
  <testcase classname="Lead_Module.LeadTestClass" name="EmailSetting" time="18.98"/>
  <testcase classname="Lead_Module.LeadTestClass" name="ExportRecordsForLeads" time="23.412"/>
  <testcase classname="Lead_Module.LeadTestClass" name="MassUpdateLeads" time="26.319">
    <failure type="org.openqa.selenium.NoSuchElementException" message="no such element: Unable to locate element: {&amp;quot;method&amp;quot;:&amp;quot;xpath&amp;quot;,&amp;quot;selector&amp;quot;:&amp;quot;//span[@data-description=&amp;apos;row-select-header&amp;apos;]&amp;quot;}
  (Session info: chrome=114.0.5735.134)
For documentation on this error, please visit: https://selenium.dev/exceptions/#no_such_element
Build info: version: &amp;apos;4.2.2&amp;apos;, revision: &amp;apos;683ccb65d6&amp;apos;
System info: host: &amp;apos;SCRM-33&amp;apos;, ip: &amp;apos;192.168.0.108&amp;apos;, os.name: &amp;apos;Windows 11&amp;apos;, os.arch: &amp;apos;amd64&amp;apos;, os.version: &amp;apos;10.0&amp;apos;, java.version: &amp;apos;11.0.17&amp;apos;
Driver info: org.openqa.selenium.chrome.ChromeDriver
Command: [ccb64669eed58dfbf97fb6f33a13ea07, findElement {using=xpath, value=//span[@data-description=&amp;apos;row-select-header&amp;apos;]}]
Capabilities {acceptInsecureCerts: false, browserName: chrome, browserVersion: 114.0.5735.134, chrome: {chromedriverVersion: 113.0.5672.63 (0e1a4471d5ae..., userDataDir: C:\Users\LENOVO~1\AppData\L...}, goog:chromeOptions: {debuggerAddress: localhost:63288}, networkConnectionEnabled: false, pageLoadStrategy: normal, platformName: WINDOWS, proxy: Proxy(), se:cdp: ws://localhost:63288/devtoo..., se:cdpVersion: 114.0.5735.134, setWindowRect: true, strictFileInteractability: false, timeouts: {implicit: 0, pageLoad: 300000, script: 30000}, unhandledPromptBehavior: dismiss and notify, webauthn:extension:credBlob: true, webauthn:extension:largeBlob: true, webauthn:extension:minPinLength: true, webauthn:extension:prf: true, webauthn:virtualAuthenticators: true}
Session ID: ccb64669eed58dfbf97fb6f33a13ea07">
      <![CDATA[org.openqa.selenium.NoSuchElementException: no such element: Unable to locate element: {"method":"xpath","selector":"//span[@data-description='row-select-header']"}
  (Session info: chrome=114.0.5735.134)
For documentation on this error, please visit: https://selenium.dev/exceptions/#no_such_element
Build info: version: '4.2.2', revision: '683ccb65d6'
System info: host: 'SCRM-33', ip: '192.168.0.108', os.name: 'Windows 11', os.arch: 'amd64', os.version: '10.0', java.version: '11.0.17'
Driver info: org.openqa.selenium.chrome.ChromeDriver
Command: [ccb64669eed58dfbf97fb6f33a13ea07, findElement {using=xpath, value=//span[@data-description='row-select-header']}]
Capabilities {acceptInsecureCerts: false, browserName: chrome, browserVersion: 114.0.5735.134, chrome: {chromedriverVersion: 113.0.5672.63 (0e1a4471d5ae..., userDataDir: C:\Users\LENOVO~1\AppData\L...}, goog:chromeOptions: {debuggerAddress: localhost:63288}, networkConnectionEnabled: false, pageLoadStrategy: normal, platformName: WINDOWS, proxy: Proxy(), se:cdp: ws://localhost:63288/devtoo..., se:cdpVersion: 114.0.5735.134, setWindowRect: true, strictFileInteractability: false, timeouts: {implicit: 0, pageLoad: 300000, script: 30000}, unhandledPromptBehavior: dismiss and notify, webauthn:extension:credBlob: true, webauthn:extension:largeBlob: true, webauthn:extension:minPinLength: true, webauthn:extension:prf: true, webauthn:virtualAuthenticators: true}
Session ID: ccb64669eed58dfbf97fb6f33a13ea07
at org.openqa.selenium.remote.codec.w3c.W3CHttpResponseCodec.createException(W3CHttpResponseCodec.java:200)
at org.openqa.selenium.remote.codec.w3c.W3CHttpResponseCodec.decode(W3CHttpResponseCodec.java:133)
at org.openqa.selenium.remote.codec.w3c.W3CHttpResponseCodec.decode(W3CHttpResponseCodec.java:53)
at org.openqa.selenium.remote.HttpCommandExecutor.execute(HttpCommandExecutor.java:184)
at org.openqa.selenium.remote.service.DriverCommandExecutor.invokeExecute(DriverCommandExecutor.java:167)
at org.openqa.selenium.remote.service.DriverCommandExecutor.execute(DriverCommandExecutor.java:142)
at org.openqa.selenium.remote.RemoteWebDriver.execute(RemoteWebDriver.java:588)
at org.openqa.selenium.remote.ElementLocation$ElementFinder$2.findElement(ElementLocation.java:162)
at org.openqa.selenium.remote.ElementLocation.findElement(ElementLocation.java:60)
at org.openqa.selenium.remote.RemoteWebDriver.findElement(RemoteWebDriver.java:406)
at org.openqa.selenium.remote.RemoteWebDriver.findElement(RemoteWebDriver.java:398)
at POM_Lead_Module.Lead_ListView.clickOnCheckBoxes(Lead_ListView.java:241)
at POM_Lead_Module.Lead_ListView.massUpdate(Lead_ListView.java:289)
at Library_Files.CommonFunctions.MassUpdateCaseModule(CommonFunctions.java:342)
at Lead_Module.LeadTestClass.MassUpdateLeads(LeadTestClass.java:342)
at java.base/java.util.ArrayList.forEach(ArrayList.java:1541)
... Removed 31 stack frames]]>
    </failure>
  </testcase> <!-- MassUpdateLeads -->
  <testcase classname="Lead_Module.LeadTestClass" name="MultipleEmailAddress" time="9.772"/>
  <testcase classname="Lead_Module.LeadTestClass" name="alternteAddress" time="26.124"/>
  <testcase classname="Cases_Module.CasesTestClass" name="CreateCase" time="237.939"/>
  <testcase classname="Cases_Module.CasesTestClass" name="DeleteCaseFromEditOption" time="36.337"/>
  <testcase classname="Cases_Module.CasesTestClass" name="DeleteCaseFromListView" time="18.941"/>
  <testcase classname="Cases_Module.CasesTestClass" name="DuplicateCase" time="20.247"/>
  <testcase classname="Cases_Module.CasesTestClass" name="EditCase" time="28.373"/>
  <testcase classname="Cases_Module.CasesTestClass" name="ExportRecordsForCases" time="33.151"/>
  <testcase classname="Cases_Module.CasesTestClass" name="MassUpdateCaseModule" time="19.824"/>
  <testcase classname="Cases_Module.CasesTestClass" name="VerifyDuplicateCase" time="24.73"/>
  <testcase classname="Documents_Module.DocumentsTestClass" name="CreateDocument" time="488.817"/>
  <testcase classname="Documents_Module.DocumentsTestClass" name="DeleteDocumentFromEditOption" time="21.202"/>
  <testcase classname="Documents_Module.DocumentsTestClass" name="DeleteDocumentFromListView" time="19.108"/>
  <testcase classname="Documents_Module.DocumentsTestClass" name="DuplicateDocument" time="24.535">
    <failure type="java.lang.AssertionError" message="The following asserts failed:
	Failed: Both result are different expected [18-May-2023] but found [19-Jun-2023],
	Failed: Both result are different expected [124] but found []">
      <![CDATA[java.lang.AssertionError: The following asserts failed:
Failed: Both result are different expected [18-May-2023] but found [19-Jun-2023],
Failed: Both result are different expected [124] but found []
at Documents_Module.DocumentsTestClass.DuplicateDocument(DocumentsTestClass.java:275)
at java.base/java.util.ArrayList.forEach(ArrayList.java:1541)
... Removed 29 stack frames]]>
    </failure>
  </testcase> <!-- DuplicateDocument -->
  <testcase classname="Documents_Module.DocumentsTestClass" name="EditDocument" time="36.339"/>
  <testcase classname="Documents_Module.DocumentsTestClass" name="ExportRecordsForDocuments" time="31.329"/>
  <testcase classname="Documents_Module.DocumentsTestClass" name="MassUpdateDocuments" time="22.617"/>
  <testcase classname="Meeting_Module.MeetingsTestClass" name="AddMultipleRemainders" time="166.867"/>
  <testcase classname="Meeting_Module.MeetingsTestClass" name="CreateMeetings" time="324.754"/>
  <testcase classname="Meeting_Module.MeetingsTestClass" name="DeleteMeetingsFromEditOption" time="17.325"/>
  <testcase classname="Meeting_Module.MeetingsTestClass" name="DeleteMeetingsFromListView" time="15.478"/>
  <testcase classname="Meeting_Module.MeetingsTestClass" name="DuplicateCalls" time="18.289">
    <failure type="java.lang.AssertionError" message="The following asserts failed:
	Failed: Both result are different expected [Komal Kolhe] but found [Administrator],
	Failed: Both result are different expected [Sona Patel] but found [Nagpur],
	Failed: Both result are different expected [5 minute prior] but found []">
      <![CDATA[java.lang.AssertionError: The following asserts failed:
Failed: Both result are different expected [Komal Kolhe] but found [Administrator],
Failed: Both result are different expected [Sona Patel] but found [Nagpur],
Failed: Both result are different expected [5 minute prior] but found []
at Meeting_Module.MeetingsTestClass.DuplicateCalls(MeetingsTestClass.java:346)
at java.base/java.util.ArrayList.forEach(ArrayList.java:1541)
... Removed 29 stack frames]]>
    </failure>
  </testcase> <!-- DuplicateCalls -->
  <testcase classname="Meeting_Module.MeetingsTestClass" name="EditMeeting" time="25.672"/>
  <testcase classname="Meeting_Module.MeetingsTestClass" name="ExportRecordsForMeetings" time="22.886"/>
  <testcase classname="Meeting_Module.MeetingsTestClass" name="MassUpdateMeetings" time="19.436"/>
  <testcase classname="Quotes_Module.QuotesTestClass" name="CreateQuotes" time="775.717"/>
  <testcase classname="Quotes_Module.QuotesTestClass" name="DeleteQuoteFromEditOption" time="38.331">
    <failure type="org.openqa.selenium.NoSuchElementException" message="no such element: Unable to locate element: {&amp;quot;method&amp;quot;:&amp;quot;xpath&amp;quot;,&amp;quot;selector&amp;quot;:&amp;quot;//tbody//td[@data-tableid=&amp;apos;ListViewTable&amp;apos;]//p//a[text()=&amp;apos;Quote1&amp;apos;]&amp;quot;}
  (Session info: chrome=114.0.5735.134)
For documentation on this error, please visit: https://selenium.dev/exceptions/#no_such_element
Build info: version: &amp;apos;4.2.2&amp;apos;, revision: &amp;apos;683ccb65d6&amp;apos;
System info: host: &amp;apos;SCRM-33&amp;apos;, ip: &amp;apos;192.168.0.108&amp;apos;, os.name: &amp;apos;Windows 11&amp;apos;, os.arch: &amp;apos;amd64&amp;apos;, os.version: &amp;apos;10.0&amp;apos;, java.version: &amp;apos;11.0.17&amp;apos;
Driver info: org.openqa.selenium.chrome.ChromeDriver
Command: [7e2471a20dcd65a57180b9ab507709f9, findElement {using=xpath, value=//tbody//td[@data-tableid=&amp;apos;ListViewTable&amp;apos;]//p//a[text()=&amp;apos;Quote1&amp;apos;]}]
Capabilities {acceptInsecureCerts: false, browserName: chrome, browserVersion: 114.0.5735.134, chrome: {chromedriverVersion: 113.0.5672.63 (0e1a4471d5ae..., userDataDir: C:\Users\LENOVO~1\AppData\L...}, goog:chromeOptions: {debuggerAddress: localhost:50186}, networkConnectionEnabled: false, pageLoadStrategy: normal, platformName: WINDOWS, proxy: Proxy(), se:cdp: ws://localhost:50186/devtoo..., se:cdpVersion: 114.0.5735.134, setWindowRect: true, strictFileInteractability: false, timeouts: {implicit: 0, pageLoad: 300000, script: 30000}, unhandledPromptBehavior: dismiss and notify, webauthn:extension:credBlob: true, webauthn:extension:largeBlob: true, webauthn:extension:minPinLength: true, webauthn:extension:prf: true, webauthn:virtualAuthenticators: true}
Session ID: 7e2471a20dcd65a57180b9ab507709f9">
      <![CDATA[org.openqa.selenium.NoSuchElementException: no such element: Unable to locate element: {"method":"xpath","selector":"//tbody//td[@data-tableid='ListViewTable']//p//a[text()='Quote1']"}
  (Session info: chrome=114.0.5735.134)
For documentation on this error, please visit: https://selenium.dev/exceptions/#no_such_element
Build info: version: '4.2.2', revision: '683ccb65d6'
System info: host: 'SCRM-33', ip: '192.168.0.108', os.name: 'Windows 11', os.arch: 'amd64', os.version: '10.0', java.version: '11.0.17'
Driver info: org.openqa.selenium.chrome.ChromeDriver
Command: [7e2471a20dcd65a57180b9ab507709f9, findElement {using=xpath, value=//tbody//td[@data-tableid='ListViewTable']//p//a[text()='Quote1']}]
Capabilities {acceptInsecureCerts: false, browserName: chrome, browserVersion: 114.0.5735.134, chrome: {chromedriverVersion: 113.0.5672.63 (0e1a4471d5ae..., userDataDir: C:\Users\LENOVO~1\AppData\L...}, goog:chromeOptions: {debuggerAddress: localhost:50186}, networkConnectionEnabled: false, pageLoadStrategy: normal, platformName: WINDOWS, proxy: Proxy(), se:cdp: ws://localhost:50186/devtoo..., se:cdpVersion: 114.0.5735.134, setWindowRect: true, strictFileInteractability: false, timeouts: {implicit: 0, pageLoad: 300000, script: 30000}, unhandledPromptBehavior: dismiss and notify, webauthn:extension:credBlob: true, webauthn:extension:largeBlob: true, webauthn:extension:minPinLength: true, webauthn:extension:prf: true, webauthn:virtualAuthenticators: true}
Session ID: 7e2471a20dcd65a57180b9ab507709f9
at org.openqa.selenium.remote.codec.w3c.W3CHttpResponseCodec.createException(W3CHttpResponseCodec.java:200)
at org.openqa.selenium.remote.codec.w3c.W3CHttpResponseCodec.decode(W3CHttpResponseCodec.java:133)
at org.openqa.selenium.remote.codec.w3c.W3CHttpResponseCodec.decode(W3CHttpResponseCodec.java:53)
at org.openqa.selenium.remote.HttpCommandExecutor.execute(HttpCommandExecutor.java:184)
at org.openqa.selenium.remote.service.DriverCommandExecutor.invokeExecute(DriverCommandExecutor.java:167)
at org.openqa.selenium.remote.service.DriverCommandExecutor.execute(DriverCommandExecutor.java:142)
at org.openqa.selenium.remote.RemoteWebDriver.execute(RemoteWebDriver.java:588)
at org.openqa.selenium.remote.ElementLocation$ElementFinder$2.findElement(ElementLocation.java:162)
at org.openqa.selenium.remote.ElementLocation.findElement(ElementLocation.java:60)
at org.openqa.selenium.remote.RemoteWebDriver.findElement(RemoteWebDriver.java:406)
at org.openqa.selenium.remote.RemoteWebDriver.findElement(RemoteWebDriver.java:398)
at POM_Opportunities_Module.Add_Opportunities.verifyOpportunityName(Add_Opportunities.java:197)
at Library_Files.CommonFunctions.DeleteRecordFromEditOption(CommonFunctions.java:124)
at Quotes_Module.QuotesTestClass.DeleteQuoteFromEditOption(QuotesTestClass.java:196)
at java.base/java.util.ArrayList.forEach(ArrayList.java:1541)
... Removed 31 stack frames]]>
    </failure>
  </testcase> <!-- DeleteQuoteFromEditOption -->
  <testcase classname="Quotes_Module.QuotesTestClass" name="DeleteQuoteFromListView" time="15.645"/>
  <testcase classname="Quotes_Module.QuotesTestClass" name="DuplicateQuotes" time="21.627">
    <failure type="java.lang.AssertionError" message="The following asserts failed:
	Failed: Both result are different expected [Approved] but found [Not Approved],
	Failed: Both result are different expected [Jack Knight] but found [],
	Failed: Both result are different expected [Maharastra] but found [MaharastraMaharastra],
	Failed: Both result are different expected [India] but found [IndiaIndia],
	Failed: Both result are different expected [Nagpur] but found [NagpurNagpur],
	Failed: Both result are different expected [Indian Rupee : ₹] but found [],
	Failed: Both result are different expected [3] but found [3.0000],
	Failed: Both result are different expected [20] but found [20.000000],
	Failed: Both result are different expected [300] but found [300.000000],
	Failed: Both result are different expected [20] but found [20.000000],
	Failed: Both result are different expected [300] but found [300.00]">
      <![CDATA[java.lang.AssertionError: The following asserts failed:
Failed: Both result are different expected [Approved] but found [Not Approved],
Failed: Both result are different expected [Jack Knight] but found [],
Failed: Both result are different expected [Maharastra] but found [MaharastraMaharastra],
Failed: Both result are different expected [India] but found [IndiaIndia],
Failed: Both result are different expected [Nagpur] but found [NagpurNagpur],
Failed: Both result are different expected [Indian Rupee : ₹] but found [],
Failed: Both result are different expected [3] but found [3.0000],
Failed: Both result are different expected [20] but found [20.000000],
Failed: Both result are different expected [300] but found [300.000000],
Failed: Both result are different expected [20] but found [20.000000],
Failed: Both result are different expected [300] but found [300.00]
at Quotes_Module.QuotesTestClass.DuplicateQuotes(QuotesTestClass.java:292)
at java.base/java.util.ArrayList.forEach(ArrayList.java:1541)
... Removed 29 stack frames]]>
    </failure>
  </testcase> <!-- DuplicateQuotes -->
  <testcase classname="Quotes_Module.QuotesTestClass" name="EditQuote" time="36.053"/>
  <testcase classname="Quotes_Module.QuotesTestClass" name="ExportRecordsForQuote" time="23.652"/>
  <testcase classname="Quotes_Module.QuotesTestClass" name="MassUpdateQuotes" time="22.024"/>
  <testcase classname="Quotes_Module.QuotesTestClass" name="Quotes_Calculation" time="14.08"/>
  <testcase classname="Quotes_Module.QuotesTestClass" name="ShippingAddressQuotes" time="16.687"/>
  <testcase classname="Invoice_Module.InvoiceTestClass" name="CreateInvoices" time="589.912"/>
  <testcase classname="Invoice_Module.InvoiceTestClass" name="DeleteInvoiceFromEditOption" time="16.018"/>
  <testcase classname="Invoice_Module.InvoiceTestClass" name="DeleteInvoiceFromListView" time="14.852"/>
  <testcase classname="Invoice_Module.InvoiceTestClass" name="DuplicateInvoice" time="48.871">
    <failure type="org.openqa.selenium.NoSuchElementException" message="no such element: Unable to locate element: {&amp;quot;method&amp;quot;:&amp;quot;xpath&amp;quot;,&amp;quot;selector&amp;quot;:&amp;quot;//tbody//td[@data-tableid=&amp;apos;ListViewTable&amp;apos;]//p//a[text()=&amp;apos;Invoice1&amp;apos;]&amp;quot;}
  (Session info: chrome=114.0.5735.134)
For documentation on this error, please visit: https://selenium.dev/exceptions/#no_such_element
Build info: version: &amp;apos;4.2.2&amp;apos;, revision: &amp;apos;683ccb65d6&amp;apos;
System info: host: &amp;apos;SCRM-33&amp;apos;, ip: &amp;apos;192.168.0.108&amp;apos;, os.name: &amp;apos;Windows 11&amp;apos;, os.arch: &amp;apos;amd64&amp;apos;, os.version: &amp;apos;10.0&amp;apos;, java.version: &amp;apos;11.0.17&amp;apos;
Driver info: org.openqa.selenium.chrome.ChromeDriver
Command: [4f8eb10ca2644a524393e818847d02a0, findElement {using=xpath, value=//tbody//td[@data-tableid=&amp;apos;ListViewTable&amp;apos;]//p//a[text()=&amp;apos;Invoice1&amp;apos;]}]
Capabilities {acceptInsecureCerts: false, browserName: chrome, browserVersion: 114.0.5735.134, chrome: {chromedriverVersion: 113.0.5672.63 (0e1a4471d5ae..., userDataDir: C:\Users\LENOVO~1\AppData\L...}, goog:chromeOptions: {debuggerAddress: localhost:51114}, networkConnectionEnabled: false, pageLoadStrategy: normal, platformName: WINDOWS, proxy: Proxy(), se:cdp: ws://localhost:51114/devtoo..., se:cdpVersion: 114.0.5735.134, setWindowRect: true, strictFileInteractability: false, timeouts: {implicit: 0, pageLoad: 300000, script: 30000}, unhandledPromptBehavior: dismiss and notify, webauthn:extension:credBlob: true, webauthn:extension:largeBlob: true, webauthn:extension:minPinLength: true, webauthn:extension:prf: true, webauthn:virtualAuthenticators: true}
Session ID: 4f8eb10ca2644a524393e818847d02a0">
      <![CDATA[org.openqa.selenium.NoSuchElementException: no such element: Unable to locate element: {"method":"xpath","selector":"//tbody//td[@data-tableid='ListViewTable']//p//a[text()='Invoice1']"}
  (Session info: chrome=114.0.5735.134)
For documentation on this error, please visit: https://selenium.dev/exceptions/#no_such_element
Build info: version: '4.2.2', revision: '683ccb65d6'
System info: host: 'SCRM-33', ip: '192.168.0.108', os.name: 'Windows 11', os.arch: 'amd64', os.version: '10.0', java.version: '11.0.17'
Driver info: org.openqa.selenium.chrome.ChromeDriver
Command: [4f8eb10ca2644a524393e818847d02a0, findElement {using=xpath, value=//tbody//td[@data-tableid='ListViewTable']//p//a[text()='Invoice1']}]
Capabilities {acceptInsecureCerts: false, browserName: chrome, browserVersion: 114.0.5735.134, chrome: {chromedriverVersion: 113.0.5672.63 (0e1a4471d5ae..., userDataDir: C:\Users\LENOVO~1\AppData\L...}, goog:chromeOptions: {debuggerAddress: localhost:51114}, networkConnectionEnabled: false, pageLoadStrategy: normal, platformName: WINDOWS, proxy: Proxy(), se:cdp: ws://localhost:51114/devtoo..., se:cdpVersion: 114.0.5735.134, setWindowRect: true, strictFileInteractability: false, timeouts: {implicit: 0, pageLoad: 300000, script: 30000}, unhandledPromptBehavior: dismiss and notify, webauthn:extension:credBlob: true, webauthn:extension:largeBlob: true, webauthn:extension:minPinLength: true, webauthn:extension:prf: true, webauthn:virtualAuthenticators: true}
Session ID: 4f8eb10ca2644a524393e818847d02a0
at org.openqa.selenium.remote.codec.w3c.W3CHttpResponseCodec.createException(W3CHttpResponseCodec.java:200)
at org.openqa.selenium.remote.codec.w3c.W3CHttpResponseCodec.decode(W3CHttpResponseCodec.java:133)
at org.openqa.selenium.remote.codec.w3c.W3CHttpResponseCodec.decode(W3CHttpResponseCodec.java:53)
at org.openqa.selenium.remote.HttpCommandExecutor.execute(HttpCommandExecutor.java:184)
at org.openqa.selenium.remote.service.DriverCommandExecutor.invokeExecute(DriverCommandExecutor.java:167)
at org.openqa.selenium.remote.service.DriverCommandExecutor.execute(DriverCommandExecutor.java:142)
at org.openqa.selenium.remote.RemoteWebDriver.execute(RemoteWebDriver.java:588)
at org.openqa.selenium.remote.ElementLocation$ElementFinder$2.findElement(ElementLocation.java:162)
at org.openqa.selenium.remote.ElementLocation.findElement(ElementLocation.java:60)
at org.openqa.selenium.remote.RemoteWebDriver.findElement(RemoteWebDriver.java:406)
at org.openqa.selenium.remote.RemoteWebDriver.findElement(RemoteWebDriver.java:398)
at POM_Opportunities_Module.Add_Opportunities.verifyOpportunityName(Add_Opportunities.java:197)
at Invoice_Module.InvoiceTestClass.DuplicateInvoice(InvoiceTestClass.java:242)
at java.base/java.util.ArrayList.forEach(ArrayList.java:1541)
... Removed 31 stack frames]]>
    </failure>
  </testcase> <!-- DuplicateInvoice -->
  <testcase classname="Invoice_Module.InvoiceTestClass" name="EditInvoice" time="20.221"/>
  <testcase classname="Invoice_Module.InvoiceTestClass" name="ExportRecordsForInvoice" time="22.784"/>
  <testcase classname="Invoice_Module.InvoiceTestClass" name="Invoice_Calculation" time="11.388"/>
  <testcase classname="Invoice_Module.InvoiceTestClass" name="MassUpdateInvoices" time="18.993"/>
  <testcase classname="Invoice_Module.InvoiceTestClass" name="ShippingAddressInvoice" time="14.857"/>
  <testcase classname="Feedback_Module.FeedbackTestClass" name="GiveFeedback" time="13.028"/>
  <testcase classname="Bugs_Module.BugsTestClass" name="CreateBugs" time="17.3">
    <failure type="org.openqa.selenium.NoSuchElementException" message="no such element: Unable to locate element: {&amp;quot;method&amp;quot;:&amp;quot;xpath&amp;quot;,&amp;quot;selector&amp;quot;:&amp;quot;//div[@id=&amp;apos;source&amp;apos;]&amp;quot;}
  (Session info: chrome=114.0.5735.134)
For documentation on this error, please visit: https://selenium.dev/exceptions/#no_such_element
Build info: version: &amp;apos;4.2.2&amp;apos;, revision: &amp;apos;683ccb65d6&amp;apos;
System info: host: &amp;apos;SCRM-33&amp;apos;, ip: &amp;apos;192.168.0.108&amp;apos;, os.name: &amp;apos;Windows 11&amp;apos;, os.arch: &amp;apos;amd64&amp;apos;, os.version: &amp;apos;10.0&amp;apos;, java.version: &amp;apos;11.0.17&amp;apos;
Driver info: org.openqa.selenium.chrome.ChromeDriver
Command: [92519ccdcce7119fedb50cf2aa5f074b, findElement {using=xpath, value=//div[@id=&amp;apos;source&amp;apos;]}]
Capabilities {acceptInsecureCerts: false, browserName: chrome, browserVersion: 114.0.5735.134, chrome: {chromedriverVersion: 113.0.5672.63 (0e1a4471d5ae..., userDataDir: C:\Users\LENOVO~1\AppData\L...}, goog:chromeOptions: {debuggerAddress: localhost:51363}, networkConnectionEnabled: false, pageLoadStrategy: normal, platformName: WINDOWS, proxy: Proxy(), se:cdp: ws://localhost:51363/devtoo..., se:cdpVersion: 114.0.5735.134, setWindowRect: true, strictFileInteractability: false, timeouts: {implicit: 0, pageLoad: 300000, script: 30000}, unhandledPromptBehavior: dismiss and notify, webauthn:extension:credBlob: true, webauthn:extension:largeBlob: true, webauthn:extension:minPinLength: true, webauthn:extension:prf: true, webauthn:virtualAuthenticators: true}
Session ID: 92519ccdcce7119fedb50cf2aa5f074b">
      <![CDATA[org.openqa.selenium.NoSuchElementException: no such element: Unable to locate element: {"method":"xpath","selector":"//div[@id='source']"}
  (Session info: chrome=114.0.5735.134)
For documentation on this error, please visit: https://selenium.dev/exceptions/#no_such_element
Build info: version: '4.2.2', revision: '683ccb65d6'
System info: host: 'SCRM-33', ip: '192.168.0.108', os.name: 'Windows 11', os.arch: 'amd64', os.version: '10.0', java.version: '11.0.17'
Driver info: org.openqa.selenium.chrome.ChromeDriver
Command: [92519ccdcce7119fedb50cf2aa5f074b, findElement {using=xpath, value=//div[@id='source']}]
Capabilities {acceptInsecureCerts: false, browserName: chrome, browserVersion: 114.0.5735.134, chrome: {chromedriverVersion: 113.0.5672.63 (0e1a4471d5ae..., userDataDir: C:\Users\LENOVO~1\AppData\L...}, goog:chromeOptions: {debuggerAddress: localhost:51363}, networkConnectionEnabled: false, pageLoadStrategy: normal, platformName: WINDOWS, proxy: Proxy(), se:cdp: ws://localhost:51363/devtoo..., se:cdpVersion: 114.0.5735.134, setWindowRect: true, strictFileInteractability: false, timeouts: {implicit: 0, pageLoad: 300000, script: 30000}, unhandledPromptBehavior: dismiss and notify, webauthn:extension:credBlob: true, webauthn:extension:largeBlob: true, webauthn:extension:minPinLength: true, webauthn:extension:prf: true, webauthn:virtualAuthenticators: true}
Session ID: 92519ccdcce7119fedb50cf2aa5f074b
at org.openqa.selenium.remote.codec.w3c.W3CHttpResponseCodec.createException(W3CHttpResponseCodec.java:200)
at org.openqa.selenium.remote.codec.w3c.W3CHttpResponseCodec.decode(W3CHttpResponseCodec.java:133)
at org.openqa.selenium.remote.codec.w3c.W3CHttpResponseCodec.decode(W3CHttpResponseCodec.java:53)
at org.openqa.selenium.remote.HttpCommandExecutor.execute(HttpCommandExecutor.java:184)
at org.openqa.selenium.remote.service.DriverCommandExecutor.invokeExecute(DriverCommandExecutor.java:167)
at org.openqa.selenium.remote.service.DriverCommandExecutor.execute(DriverCommandExecutor.java:142)
at org.openqa.selenium.remote.RemoteWebDriver.execute(RemoteWebDriver.java:588)
at org.openqa.selenium.remote.ElementLocation$ElementFinder$2.findElement(ElementLocation.java:162)
at org.openqa.selenium.remote.ElementLocation.findElement(ElementLocation.java:60)
at org.openqa.selenium.remote.RemoteWebDriver.findElement(RemoteWebDriver.java:406)
at org.openqa.selenium.remote.RemoteWebDriver.findElement(RemoteWebDriver.java:398)
at org.openqa.selenium.support.pagefactory.DefaultElementLocator.findElement(DefaultElementLocator.java:70)
at org.openqa.selenium.support.pagefactory.internal.LocatingElementHandler.invoke(LocatingElementHandler.java:39)
at com.sun.proxy.$Proxy20.click(Unknown Source)
at POM_Bugs_Module.Add_Bugs.selectSource(Add_Bugs.java:36)
at Bugs_Module.BugsTestClass.CreateBugs(BugsTestClass.java:75)
at java.base/java.util.ArrayList.forEach(ArrayList.java:1541)
... Removed 31 stack frames]]>
    </failure>
  </testcase> <!-- CreateBugs -->
  <testcase classname="SalesFlow.SupportFlowTestClass" name="SupportFlow" time="236.574">
    <failure type="org.openqa.selenium.SessionNotCreatedException" message="Could not start a new session. Response code 500. Message: session not created: This version of Microsoft Edge WebDriver only supports Microsoft Edge version 112
Current browser version is 114.0.1823.51 with binary path C:\Program Files (x86)\Microsoft\Edge\Application\msedge.exe
Build info: version: &amp;apos;4.2.2&amp;apos;, revision: &amp;apos;683ccb65d6&amp;apos;
System info: host: &amp;apos;SCRM-33&amp;apos;, ip: &amp;apos;192.168.0.108&amp;apos;, os.name: &amp;apos;Windows 11&amp;apos;, os.arch: &amp;apos;amd64&amp;apos;, os.version: &amp;apos;10.0&amp;apos;, java.version: &amp;apos;11.0.17&amp;apos;
Driver info: org.openqa.selenium.edge.EdgeDriver
Command: [null, newSession {capabilities=[Capabilities {ms:edgeOptions: {args: [--remote-allow-origins=*], extensions: []}}, Capabilities {browserName: chrome, goog:chromeOptions: {args: [--remote-allow-origins=*], extensions: []}}], desiredCapabilities=Capabilities {browserName: chrome, goog:chromeOptions: {args: [--remote-allow-origins=*], extensions: []}, ms:edgeOptions: {args: [--remote-allow-origins=*], extensions: []}}}]">
      <![CDATA[org.openqa.selenium.SessionNotCreatedException: Could not start a new session. Response code 500. Message: session not created: This version of Microsoft Edge WebDriver only supports Microsoft Edge version 112
Current browser version is 114.0.1823.51 with binary path C:\Program Files (x86)\Microsoft\Edge\Application\msedge.exe
Build info: version: '4.2.2', revision: '683ccb65d6'
System info: host: 'SCRM-33', ip: '192.168.0.108', os.name: 'Windows 11', os.arch: 'amd64', os.version: '10.0', java.version: '11.0.17'
Driver info: org.openqa.selenium.edge.EdgeDriver
Command: [null, newSession {capabilities=[Capabilities {ms:edgeOptions: {args: [--remote-allow-origins=*], extensions: []}}, Capabilities {browserName: chrome, goog:chromeOptions: {args: [--remote-allow-origins=*], extensions: []}}], desiredCapabilities=Capabilities {browserName: chrome, goog:chromeOptions: {args: [--remote-allow-origins=*], extensions: []}, ms:edgeOptions: {args: [--remote-allow-origins=*], extensions: []}}}]
at org.openqa.selenium.remote.ProtocolHandshake.createSession(ProtocolHandshake.java:144)
at org.openqa.selenium.remote.ProtocolHandshake.createSession(ProtocolHandshake.java:102)
at org.openqa.selenium.remote.ProtocolHandshake.createSession(ProtocolHandshake.java:67)
at org.openqa.selenium.remote.HttpCommandExecutor.execute(HttpCommandExecutor.java:156)
at org.openqa.selenium.remote.service.DriverCommandExecutor.invokeExecute(DriverCommandExecutor.java:167)
at org.openqa.selenium.remote.service.DriverCommandExecutor.execute(DriverCommandExecutor.java:142)
at org.openqa.selenium.remote.RemoteWebDriver.execute(RemoteWebDriver.java:588)
at org.openqa.selenium.remote.RemoteWebDriver.startSession(RemoteWebDriver.java:283)
at org.openqa.selenium.remote.RemoteWebDriver.<init>(RemoteWebDriver.java:184)
at org.openqa.selenium.chromium.ChromiumDriver.<init>(ChromiumDriver.java:106)
at org.openqa.selenium.edge.EdgeDriver.<init>(EdgeDriver.java:52)
at org.openqa.selenium.edge.EdgeDriver.<init>(EdgeDriver.java:59)
at Library_Files.Base_Class.initializeBrowserForOpprotunitiesToFeedbackFlow(Base_Class.java:231)
at SalesFlow.SupportFlowTestClass.SupportFlow(SupportFlowTestClass.java:225)
at java.base/java.util.ArrayList.forEach(ArrayList.java:1541)
... Removed 27 stack frames]]>
    </failure>
  </testcase> <!-- SupportFlow -->
  <testcase classname="SalesFlow.SalesFlowTestClass" name="SalesFlow" time="135.514">
    <failure type="org.openqa.selenium.NoSuchElementException" message="no such element: Unable to locate element: {&amp;quot;method&amp;quot;:&amp;quot;xpath&amp;quot;,&amp;quot;selector&amp;quot;:&amp;quot;//h6//div[@id=&amp;apos;status&amp;apos;]&amp;quot;}
  (Session info: chrome=114.0.5735.134)
For documentation on this error, please visit: https://selenium.dev/exceptions/#no_such_element
Build info: version: &amp;apos;4.2.2&amp;apos;, revision: &amp;apos;683ccb65d6&amp;apos;
System info: host: &amp;apos;SCRM-33&amp;apos;, ip: &amp;apos;192.168.0.108&amp;apos;, os.name: &amp;apos;Windows 11&amp;apos;, os.arch: &amp;apos;amd64&amp;apos;, os.version: &amp;apos;10.0&amp;apos;, java.version: &amp;apos;11.0.17&amp;apos;
Driver info: org.openqa.selenium.chrome.ChromeDriver
Command: [11a9d1f0d378f653a0f539aa38140d2a, findElement {using=xpath, value=//h6//div[@id=&amp;apos;status&amp;apos;]}]
Capabilities {acceptInsecureCerts: false, browserName: chrome, browserVersion: 114.0.5735.134, chrome: {chromedriverVersion: 113.0.5672.63 (0e1a4471d5ae..., userDataDir: C:\Users\LENOVO~1\AppData\L...}, goog:chromeOptions: {debuggerAddress: localhost:51726}, networkConnectionEnabled: false, pageLoadStrategy: normal, platformName: WINDOWS, proxy: Proxy(), se:cdp: ws://localhost:51726/devtoo..., se:cdpVersion: 114.0.5735.134, setWindowRect: true, strictFileInteractability: false, timeouts: {implicit: 0, pageLoad: 300000, script: 30000}, unhandledPromptBehavior: dismiss and notify, webauthn:extension:credBlob: true, webauthn:extension:largeBlob: true, webauthn:extension:minPinLength: true, webauthn:extension:prf: true, webauthn:virtualAuthenticators: true}
Session ID: 11a9d1f0d378f653a0f539aa38140d2a">
      <![CDATA[org.openqa.selenium.NoSuchElementException: no such element: Unable to locate element: {"method":"xpath","selector":"//h6//div[@id='status']"}
  (Session info: chrome=114.0.5735.134)
For documentation on this error, please visit: https://selenium.dev/exceptions/#no_such_element
Build info: version: '4.2.2', revision: '683ccb65d6'
System info: host: 'SCRM-33', ip: '192.168.0.108', os.name: 'Windows 11', os.arch: 'amd64', os.version: '10.0', java.version: '11.0.17'
Driver info: org.openqa.selenium.chrome.ChromeDriver
Command: [11a9d1f0d378f653a0f539aa38140d2a, findElement {using=xpath, value=//h6//div[@id='status']}]
Capabilities {acceptInsecureCerts: false, browserName: chrome, browserVersion: 114.0.5735.134, chrome: {chromedriverVersion: 113.0.5672.63 (0e1a4471d5ae..., userDataDir: C:\Users\LENOVO~1\AppData\L...}, goog:chromeOptions: {debuggerAddress: localhost:51726}, networkConnectionEnabled: false, pageLoadStrategy: normal, platformName: WINDOWS, proxy: Proxy(), se:cdp: ws://localhost:51726/devtoo..., se:cdpVersion: 114.0.5735.134, setWindowRect: true, strictFileInteractability: false, timeouts: {implicit: 0, pageLoad: 300000, script: 30000}, unhandledPromptBehavior: dismiss and notify, webauthn:extension:credBlob: true, webauthn:extension:largeBlob: true, webauthn:extension:minPinLength: true, webauthn:extension:prf: true, webauthn:virtualAuthenticators: true}
Session ID: 11a9d1f0d378f653a0f539aa38140d2a
at org.openqa.selenium.remote.codec.w3c.W3CHttpResponseCodec.createException(W3CHttpResponseCodec.java:200)
at org.openqa.selenium.remote.codec.w3c.W3CHttpResponseCodec.decode(W3CHttpResponseCodec.java:133)
at org.openqa.selenium.remote.codec.w3c.W3CHttpResponseCodec.decode(W3CHttpResponseCodec.java:53)
at org.openqa.selenium.remote.HttpCommandExecutor.execute(HttpCommandExecutor.java:184)
at org.openqa.selenium.remote.service.DriverCommandExecutor.invokeExecute(DriverCommandExecutor.java:167)
at org.openqa.selenium.remote.service.DriverCommandExecutor.execute(DriverCommandExecutor.java:142)
at org.openqa.selenium.remote.RemoteWebDriver.execute(RemoteWebDriver.java:588)
at org.openqa.selenium.remote.ElementLocation$ElementFinder$2.findElement(ElementLocation.java:162)
at org.openqa.selenium.remote.ElementLocation.findElement(ElementLocation.java:60)
at org.openqa.selenium.remote.RemoteWebDriver.findElement(RemoteWebDriver.java:406)
at org.openqa.selenium.remote.RemoteWebDriver.findElement(RemoteWebDriver.java:398)
at org.openqa.selenium.support.pagefactory.DefaultElementLocator.findElement(DefaultElementLocator.java:70)
at org.openqa.selenium.support.pagefactory.internal.LocatingElementHandler.invoke(LocatingElementHandler.java:39)
at com.sun.proxy.$Proxy20.getText(Unknown Source)
at POM_Opportunities_Module.Add_Opportunities.getStatusConverted(Add_Opportunities.java:260)
at SalesFlow.SalesFlowTestClass.SalesFlow(SalesFlowTestClass.java:140)
at java.base/java.util.ArrayList.forEach(ArrayList.java:1541)
... Removed 31 stack frames]]>
    </failure>
  </testcase> <!-- SalesFlow -->
  <testcase classname="Notes_Module.NotesTestClass" name="CreateNotes" time="634.236"/>
  <testcase classname="Notes_Module.NotesTestClass" name="DeleteNoteFromEditOption" time="15.504"/>
  <testcase classname="Notes_Module.NotesTestClass" name="DeleteNoteFromListView" time="13.661"/>
  <testcase classname="Notes_Module.NotesTestClass" name="DuplicateNotes" time="10.94">
    <failure type="java.lang.AssertionError" message="The following asserts failed:
	Failed: Both result are different expected [TEST1.PDF *] but found [ARRAY]">
      <![CDATA[java.lang.AssertionError: The following asserts failed:
Failed: Both result are different expected [TEST1.PDF *] but found [ARRAY]
at Notes_Module.NotesTestClass.DuplicateNotes(NotesTestClass.java:208)
at java.base/java.util.ArrayList.forEach(ArrayList.java:1541)
... Removed 29 stack frames]]>
    </failure>
  </testcase> <!-- DuplicateNotes -->
  <testcase classname="Notes_Module.NotesTestClass" name="EditNote" time="31.071">
    <failure type="org.openqa.selenium.NoSuchElementException" message="no such element: Unable to locate element: {&amp;quot;method&amp;quot;:&amp;quot;xpath&amp;quot;,&amp;quot;selector&amp;quot;:&amp;quot;//div[@role=&amp;apos;alert&amp;apos;]&amp;quot;}
  (Session info: chrome=114.0.5735.134)
For documentation on this error, please visit: https://selenium.dev/exceptions/#no_such_element
Build info: version: &amp;apos;4.2.2&amp;apos;, revision: &amp;apos;683ccb65d6&amp;apos;
System info: host: &amp;apos;SCRM-33&amp;apos;, ip: &amp;apos;192.168.0.108&amp;apos;, os.name: &amp;apos;Windows 11&amp;apos;, os.arch: &amp;apos;amd64&amp;apos;, os.version: &amp;apos;10.0&amp;apos;, java.version: &amp;apos;11.0.17&amp;apos;
Driver info: org.openqa.selenium.chrome.ChromeDriver
Command: [e15433a71b2847d196a2af581e77038d, findElement {using=xpath, value=//div[@role=&amp;apos;alert&amp;apos;]}]
Capabilities {acceptInsecureCerts: false, browserName: chrome, browserVersion: 114.0.5735.134, chrome: {chromedriverVersion: 113.0.5672.63 (0e1a4471d5ae..., userDataDir: C:\Users\LENOVO~1\AppData\L...}, goog:chromeOptions: {debuggerAddress: localhost:52523}, networkConnectionEnabled: false, pageLoadStrategy: normal, platformName: WINDOWS, proxy: Proxy(), se:cdp: ws://localhost:52523/devtoo..., se:cdpVersion: 114.0.5735.134, setWindowRect: true, strictFileInteractability: false, timeouts: {implicit: 0, pageLoad: 300000, script: 30000}, unhandledPromptBehavior: dismiss and notify, webauthn:extension:credBlob: true, webauthn:extension:largeBlob: true, webauthn:extension:minPinLength: true, webauthn:extension:prf: true, webauthn:virtualAuthenticators: true}
Session ID: e15433a71b2847d196a2af581e77038d">
      <![CDATA[org.openqa.selenium.NoSuchElementException: no such element: Unable to locate element: {"method":"xpath","selector":"//div[@role='alert']"}
  (Session info: chrome=114.0.5735.134)
For documentation on this error, please visit: https://selenium.dev/exceptions/#no_such_element
Build info: version: '4.2.2', revision: '683ccb65d6'
System info: host: 'SCRM-33', ip: '192.168.0.108', os.name: 'Windows 11', os.arch: 'amd64', os.version: '10.0', java.version: '11.0.17'
Driver info: org.openqa.selenium.chrome.ChromeDriver
Command: [e15433a71b2847d196a2af581e77038d, findElement {using=xpath, value=//div[@role='alert']}]
Capabilities {acceptInsecureCerts: false, browserName: chrome, browserVersion: 114.0.5735.134, chrome: {chromedriverVersion: 113.0.5672.63 (0e1a4471d5ae..., userDataDir: C:\Users\LENOVO~1\AppData\L...}, goog:chromeOptions: {debuggerAddress: localhost:52523}, networkConnectionEnabled: false, pageLoadStrategy: normal, platformName: WINDOWS, proxy: Proxy(), se:cdp: ws://localhost:52523/devtoo..., se:cdpVersion: 114.0.5735.134, setWindowRect: true, strictFileInteractability: false, timeouts: {implicit: 0, pageLoad: 300000, script: 30000}, unhandledPromptBehavior: dismiss and notify, webauthn:extension:credBlob: true, webauthn:extension:largeBlob: true, webauthn:extension:minPinLength: true, webauthn:extension:prf: true, webauthn:virtualAuthenticators: true}
Session ID: e15433a71b2847d196a2af581e77038d
at org.openqa.selenium.remote.codec.w3c.W3CHttpResponseCodec.createException(W3CHttpResponseCodec.java:200)
at org.openqa.selenium.remote.codec.w3c.W3CHttpResponseCodec.decode(W3CHttpResponseCodec.java:133)
at org.openqa.selenium.remote.codec.w3c.W3CHttpResponseCodec.decode(W3CHttpResponseCodec.java:53)
at org.openqa.selenium.remote.HttpCommandExecutor.execute(HttpCommandExecutor.java:184)
at org.openqa.selenium.remote.service.DriverCommandExecutor.invokeExecute(DriverCommandExecutor.java:167)
at org.openqa.selenium.remote.service.DriverCommandExecutor.execute(DriverCommandExecutor.java:142)
at org.openqa.selenium.remote.RemoteWebDriver.execute(RemoteWebDriver.java:588)
at org.openqa.selenium.remote.ElementLocation$ElementFinder$2.findElement(ElementLocation.java:162)
at org.openqa.selenium.remote.ElementLocation.findElement(ElementLocation.java:60)
at org.openqa.selenium.remote.RemoteWebDriver.findElement(RemoteWebDriver.java:406)
at org.openqa.selenium.remote.RemoteWebDriver.findElement(RemoteWebDriver.java:398)
at org.openqa.selenium.support.pagefactory.DefaultElementLocator.findElement(DefaultElementLocator.java:70)
at org.openqa.selenium.support.pagefactory.internal.LocatingElementHandler.invoke(LocatingElementHandler.java:39)
at com.sun.proxy.$Proxy20.getText(Unknown Source)
at POM_Lead_Module.Lead_ListView.EveryPageAlert(Lead_ListView.java:180)
at Notes_Module.NotesTestClass.EditNote(NotesTestClass.java:141)
at java.base/java.util.ArrayList.forEach(ArrayList.java:1541)
... Removed 31 stack frames]]>
    </failure>
  </testcase> <!-- EditNote -->
  <testcase classname="Notes_Module.NotesTestClass" name="ExportRecordsForNotes" time="21.874"/>
  <testcase classname="Notes_Module.NotesTestClass" name="MassUpdateNotesModule" time="17.321"/>
  <testcase classname="Partner_Contacts_Module.Partner_ContactsTestClass" name="CreatePartner_Contacts" time="235.507"/>
  <testcase classname="Partner_Contacts_Module.Partner_ContactsTestClass" name="DeletePartnerContactsFromEditOption" time="15.717"/>
  <testcase classname="Partner_Contacts_Module.Partner_ContactsTestClass" name="DeletePartnerContactsFromListView" time="13.432"/>
  <testcase classname="Partner_Contacts_Module.Partner_ContactsTestClass" name="DuplicatePartnerContacts" time="17.759"/>
  <testcase classname="Partner_Contacts_Module.Partner_ContactsTestClass" name="EditPartnerContacts" time="23.221"/>
  <testcase classname="Partner_Contacts_Module.Partner_ContactsTestClass" name="EmailSetting" time="14.779"/>
  <testcase classname="Partner_Contacts_Module.Partner_ContactsTestClass" name="ExportRecordsForPartner_Contacts" time="21.868"/>
  <testcase classname="Partner_Contacts_Module.Partner_ContactsTestClass" name="MassUpdatePartnerContactsModule" time="17.575"/>
  <testcase classname="Partner_Contacts_Module.Partner_ContactsTestClass" name="alternteAddress" time="25.24"/>
  <testcase classname="Library_Files.Base_Class" name="@BeforeSuite extentReport" time="0.0">
    <ignored/>
  </testcase> <!-- @BeforeSuite extentReport -->
  <testcase classname="Library_Files.Base_Class" name="@BeforeSuite extentReport" time="0.0">
    <ignored/>
  </testcase> <!-- @BeforeSuite extentReport -->
  <testcase classname="Library_Files.Base_Class" name="@BeforeSuite extentReport" time="0.0">
    <ignored/>
  </testcase> <!-- @BeforeSuite extentReport -->
  <testcase classname="Library_Files.Base_Class" name="@BeforeSuite extentReport" time="0.0">
    <ignored/>
  </testcase> <!-- @BeforeSuite extentReport -->
  <testcase classname="Library_Files.Base_Class" name="@BeforeSuite extentReport" time="0.0">
    <ignored/>
  </testcase> <!-- @BeforeSuite extentReport -->
  <testcase classname="Library_Files.Base_Class" name="@BeforeSuite extentReport" time="0.0">
    <ignored/>
  </testcase> <!-- @BeforeSuite extentReport -->
  <testcase classname="Library_Files.Base_Class" name="@BeforeSuite extentReport" time="0.0">
    <ignored/>
  </testcase> <!-- @BeforeSuite extentReport -->
  <testcase classname="Library_Files.Base_Class" name="@BeforeSuite extentReport" time="0.0">
    <ignored/>
  </testcase> <!-- @BeforeSuite extentReport -->
  <testcase classname="Library_Files.Base_Class" name="@BeforeSuite extentReport" time="0.0">
    <ignored/>
  </testcase> <!-- @BeforeSuite extentReport -->
  <testcase classname="Library_Files.Base_Class" name="@BeforeSuite extentReport" time="0.0">
    <ignored/>
  </testcase> <!-- @BeforeSuite extentReport -->
  <testcase classname="Library_Files.Base_Class" name="@BeforeSuite extentReport" time="0.0">
    <ignored/>
  </testcase> <!-- @BeforeSuite extentReport -->
  <testcase classname="Library_Files.Base_Class" name="@BeforeSuite extentReport" time="0.0">
    <ignored/>
  </testcase> <!-- @BeforeSuite extentReport -->
  <testcase classname="Library_Files.Base_Class" name="@BeforeSuite extentReport" time="0.0">
    <ignored/>
  </testcase> <!-- @BeforeSuite extentReport -->
  <testcase classname="Library_Files.Base_Class" name="@BeforeSuite extentReport" time="0.0">
    <ignored/>
  </testcase> <!-- @BeforeSuite extentReport -->
  <testcase classname="Library_Files.Base_Class" name="@BeforeSuite extentReport" time="0.0">
    <ignored/>
  </testcase> <!-- @BeforeSuite extentReport -->
  <testcase classname="Library_Files.Base_Class" name="@BeforeSuite extentReport" time="0.0">
    <ignored/>
  </testcase> <!-- @BeforeSuite extentReport -->
  <testcase classname="Calls_Module.CallsTestClass" name="CreateCalls" time="0.0">
    <ignored/>
  </testcase> <!-- CreateCalls -->
  <testcase classname="Calls_Module.CallsTestClass" name="DeleteCallFromEditOption" time="0.0">
    <ignored/>
  </testcase> <!-- DeleteCallFromEditOption -->
  <testcase classname="Calls_Module.CallsTestClass" name="AddMultipleRemainders" time="0.0">
    <ignored/>
  </testcase> <!-- AddMultipleRemainders -->
  <testcase classname="Calls_Module.CallsTestClass" name="EditCall" time="0.0">
    <ignored/>
  </testcase> <!-- EditCall -->
  <testcase classname="Contacts_Module.ContactsTestClass" name="FilterOnContactsModule" time="0.0">
    <ignored/>
  </testcase> <!-- FilterOnContactsModule -->
  <testcase classname="Calls_Module.CallsTestClass" name="DuplicateCalls" time="0.0">
    <ignored/>
  </testcase> <!-- DuplicateCalls -->
  <testcase classname="Calls_Module.CallsTestClass" name="ExportRecordsForCalls" time="0.0">
    <ignored/>
  </testcase> <!-- ExportRecordsForCalls -->
  <testcase classname="Calls_Module.CallsTestClass" name="DeleteCallFromListView" time="0.0">
    <ignored/>
  </testcase> <!-- DeleteCallFromListView -->
  <testcase classname="Meeting_Module.MeetingsTestClass" name="AddMulitpleInviteesInRemainder" time="0.0">
    <ignored/>
  </testcase> <!-- AddMulitpleInviteesInRemainder -->
  <testcase classname="Partner_Contacts_Module.Partner_ContactsTestClass" name="MultipleEmailAddress" time="0.0">
    <ignored/>
  </testcase> <!-- MultipleEmailAddress -->
  <testcase classname="Account_Module.AccountTestClass" name="FilterOnAccountModule" time="0.0">
    <ignored/>
  </testcase> <!-- FilterOnAccountModule -->
</testsuite> <!-- Test1 -->
