<?xml version="1.0" encoding="UTF-8"?>
<!-- Generated by org.testng.reporters.JUnitXMLReporter -->
<testsuite ignored="81" hostname="SCRM-114" failures="2" tests="14" name="Test" time="1155.322" errors="0" timestamp="2024-08-01T17:40:21 IST">
  <testcase classname="Contacts_Module.ContactsTestClass" name="MassUpdateContacts" time="33.019"/>
  <testcase classname="Opportunities_Module.OpportunitiesTestClass" name="MassUpdateOpportunities" time="33.193"/>
  <testcase classname="Account_Module.AccountTestClass" name="MassUpdateAccount" time="32.832"/>
  <testcase classname="Calls_Module.CallsTestClass" name="AddMulitpleInviteesInRemainder" time="53.109"/>
  <testcase classname="Calls_Module.CallsTestClass" name="AddMultipleRemainders" time="155.39"/>
  <testcase classname="Calls_Module.CallsTestClass" name="MassUpdateCalls" time="33.097"/>
  <testcase classname="Task_Module.TaskTestClass" name="MassUpdateTasks" time="31.703"/>
  <testcase classname="Lead_Module.LeadTestClass" name="MassUpdateLeads" time="33.855"/>
  <testcase classname="Cases_Module.CasesTestClass" name="MassUpdateCaseModule" time="51.036">
    <failure type="org.openqa.selenium.NoSuchElementException" message="no such element: Unable to locate element: {&amp;quot;method&amp;quot;:&amp;quot;xpath&amp;quot;,&amp;quot;selector&amp;quot;:&amp;quot;//span[@data-description=&amp;apos;row-select-header&amp;apos;]&amp;quot;}
  (Session info: chrome=127.0.6533.74)
For documentation on this error, please visit: https://www.selenium.dev/documentation/webdriver/troubleshooting/errors#no-such-element-exception
Build info: version: &amp;apos;4.21.0&amp;apos;, revision: &amp;apos;79ed462ef4&amp;apos;
System info: os.name: &amp;apos;Windows 11&amp;apos;, os.arch: &amp;apos;amd64&amp;apos;, os.version: &amp;apos;10.0&amp;apos;, java.version: &amp;apos;17.0.5&amp;apos;
Driver info: org.openqa.selenium.chrome.ChromeDriver
Command: [886f60286aa3c22c8ec2708850c20d59, findElement {value=//span[@data-description=&amp;apos;row-select-header&amp;apos;], using=xpath}]
Capabilities {acceptInsecureCerts: false, browserName: chrome, browserVersion: 127.0.6533.74, chrome: {chromedriverVersion: 126.0.6478.182 (5b5d8292ddf..., userDataDir: C:\Users\simpl\AppData\Loca...}, fedcm:accounts: true, goog:chromeOptions: {debuggerAddress: localhost:54911}, networkConnectionEnabled: false, pageLoadStrategy: normal, platformName: windows, proxy: Proxy(), se:cdp: ws://localhost:54911/devtoo..., se:cdpVersion: 127.0.6533.74, setWindowRect: true, strictFileInteractability: false, timeouts: {implicit: 0, pageLoad: 300000, script: 30000}, unhandledPromptBehavior: dismiss and notify, webauthn:extension:credBlob: true, webauthn:extension:largeBlob: true, webauthn:extension:minPinLength: true, webauthn:extension:prf: true, webauthn:virtualAuthenticators: true}
Session ID: 886f60286aa3c22c8ec2708850c20d59">
      <![CDATA[org.openqa.selenium.NoSuchElementException: no such element: Unable to locate element: {"method":"xpath","selector":"//span[@data-description='row-select-header']"}
  (Session info: chrome=127.0.6533.74)
For documentation on this error, please visit: https://www.selenium.dev/documentation/webdriver/troubleshooting/errors#no-such-element-exception
Build info: version: '4.21.0', revision: '79ed462ef4'
System info: os.name: 'Windows 11', os.arch: 'amd64', os.version: '10.0', java.version: '17.0.5'
Driver info: org.openqa.selenium.chrome.ChromeDriver
Command: [886f60286aa3c22c8ec2708850c20d59, findElement {value=//span[@data-description='row-select-header'], using=xpath}]
Capabilities {acceptInsecureCerts: false, browserName: chrome, browserVersion: 127.0.6533.74, chrome: {chromedriverVersion: 126.0.6478.182 (5b5d8292ddf..., userDataDir: C:\Users\simpl\AppData\Loca...}, fedcm:accounts: true, goog:chromeOptions: {debuggerAddress: localhost:54911}, networkConnectionEnabled: false, pageLoadStrategy: normal, platformName: windows, proxy: Proxy(), se:cdp: ws://localhost:54911/devtoo..., se:cdpVersion: 127.0.6533.74, setWindowRect: true, strictFileInteractability: false, timeouts: {implicit: 0, pageLoad: 300000, script: 30000}, unhandledPromptBehavior: dismiss and notify, webauthn:extension:credBlob: true, webauthn:extension:largeBlob: true, webauthn:extension:minPinLength: true, webauthn:extension:prf: true, webauthn:virtualAuthenticators: true}
Session ID: 886f60286aa3c22c8ec2708850c20d59
at java.base/jdk.internal.reflect.NativeConstructorAccessorImpl.newInstance0(Native Method)
at java.base/jdk.internal.reflect.NativeConstructorAccessorImpl.newInstance(NativeConstructorAccessorImpl.java:77)
at java.base/jdk.internal.reflect.DelegatingConstructorAccessorImpl.newInstance(DelegatingConstructorAccessorImpl.java:45)
at java.base/java.lang.reflect.Constructor.newInstanceWithCaller(Constructor.java:499)
at java.base/java.lang.reflect.Constructor.newInstance(Constructor.java:480)
at org.openqa.selenium.remote.ErrorCodec.decode(ErrorCodec.java:167)
at org.openqa.selenium.remote.codec.w3c.W3CHttpResponseCodec.decode(W3CHttpResponseCodec.java:138)
at org.openqa.selenium.remote.codec.w3c.W3CHttpResponseCodec.decode(W3CHttpResponseCodec.java:50)
at org.openqa.selenium.remote.HttpCommandExecutor.execute(HttpCommandExecutor.java:190)
at org.openqa.selenium.remote.service.DriverCommandExecutor.invokeExecute(DriverCommandExecutor.java:216)
at org.openqa.selenium.remote.service.DriverCommandExecutor.execute(DriverCommandExecutor.java:174)
at org.openqa.selenium.remote.RemoteWebDriver.execute(RemoteWebDriver.java:518)
at org.openqa.selenium.remote.ElementLocation$ElementFinder$2.findElement(ElementLocation.java:165)
at org.openqa.selenium.remote.ElementLocation.findElement(ElementLocation.java:59)
at org.openqa.selenium.remote.RemoteWebDriver.findElement(RemoteWebDriver.java:355)
at org.openqa.selenium.remote.RemoteWebDriver.findElement(RemoteWebDriver.java:349)
at POM_Lead_Module.Lead_ListView.clickOnCheckBoxes(Lead_ListView.java:222)
at POM_Lead_Module.Lead_ListView.massUpdate(Lead_ListView.java:272)
at Library_Files.CommonFunctions.MassUpdateCaseModule(CommonFunctions.java:345)
at Cases_Module.CasesTestClass.MassUpdateCaseModule(CasesTestClass.java:269)
at java.base/jdk.internal.reflect.NativeMethodAccessorImpl.invoke0(Native Method)
at java.base/jdk.internal.reflect.NativeMethodAccessorImpl.invoke(NativeMethodAccessorImpl.java:77)
at java.base/jdk.internal.reflect.DelegatingMethodAccessorImpl.invoke(DelegatingMethodAccessorImpl.java:43)
at java.base/java.lang.reflect.Method.invoke(Method.java:568)
at org.testng.internal.invokers.MethodInvocationHelper.invokeMethod(MethodInvocationHelper.java:141)
at org.testng.internal.invokers.TestInvoker.invokeMethod(TestInvoker.java:686)
at org.testng.internal.invokers.TestInvoker.invokeTestMethod(TestInvoker.java:230)
at org.testng.internal.invokers.MethodRunner.runInSequence(MethodRunner.java:63)
at org.testng.internal.invokers.TestInvoker$MethodInvocationAgent.invoke(TestInvoker.java:992)
at org.testng.internal.invokers.TestInvoker.invokeTestMethods(TestInvoker.java:203)
at org.testng.internal.invokers.TestMethodWorker.invokeTestMethods(TestMethodWorker.java:154)
at org.testng.internal.invokers.TestMethodWorker.run(TestMethodWorker.java:134)
at java.base/java.util.ArrayList.forEach(ArrayList.java:1511)
at org.testng.TestRunner.privateRun(TestRunner.java:739)
at org.testng.TestRunner.run(TestRunner.java:614)
at org.testng.SuiteRunner.runTest(SuiteRunner.java:421)
at org.testng.SuiteRunner.runSequentially(SuiteRunner.java:413)
at org.testng.SuiteRunner.privateRun(SuiteRunner.java:373)
at org.testng.SuiteRunner.run(SuiteRunner.java:312)
at org.testng.SuiteRunnerWorker.runSuite(SuiteRunnerWorker.java:52)
at org.testng.SuiteRunnerWorker.run(SuiteRunnerWorker.java:95)
at org.testng.TestNG.runSuitesSequentially(TestNG.java:1274)
at org.testng.TestNG.runSuitesLocally(TestNG.java:1208)
at org.testng.TestNG.runSuites(TestNG.java:1112)
at org.testng.TestNG.run(TestNG.java:1079)
at org.testng.remote.AbstractRemoteTestNG.run(AbstractRemoteTestNG.java:115)
at org.testng.remote.RemoteTestNG.initAndRun(RemoteTestNG.java:293)
at org.testng.remote.RemoteTestNG.main(RemoteTestNG.java:91)
]]>
    </failure>
  </testcase> <!-- MassUpdateCaseModule -->
  <testcase classname="Documents_Module.DocumentsTestClass" name="MassUpdateDocuments" time="59.832"/>
  <testcase classname="Meeting_Module.MeetingsTestClass" name="AddMulitpleInviteesInRemainder" time="67.744"/>
  <testcase classname="Meeting_Module.MeetingsTestClass" name="AddMultipleRemainders" time="173.266"/>
  <testcase classname="Meeting_Module.MeetingsTestClass" name="MassUpdateMeetings" time="34.814"/>
  <testcase classname="Notes_Module.NotesTestClass" name="MassUpdateNotesModule" time="40.888">
    <failure type="org.openqa.selenium.NoSuchElementException" message="no such element: Unable to locate element: {&amp;quot;method&amp;quot;:&amp;quot;xpath&amp;quot;,&amp;quot;selector&amp;quot;:&amp;quot;//div[text()=&amp;apos;Assigned to&amp;apos;]/parent::td//a&amp;quot;}
  (Session info: chrome=127.0.6533.74)
For documentation on this error, please visit: https://www.selenium.dev/documentation/webdriver/troubleshooting/errors#no-such-element-exception
Build info: version: &amp;apos;4.21.0&amp;apos;, revision: &amp;apos;79ed462ef4&amp;apos;
System info: os.name: &amp;apos;Windows 11&amp;apos;, os.arch: &amp;apos;amd64&amp;apos;, os.version: &amp;apos;10.0&amp;apos;, java.version: &amp;apos;17.0.5&amp;apos;
Driver info: org.openqa.selenium.chrome.ChromeDriver
Command: [3c31a01807928ff77372bef5c288b907, findElement {value=//div[text()=&amp;apos;Assigned to&amp;apos;]/parent::td//a, using=xpath}]
Capabilities {acceptInsecureCerts: false, browserName: chrome, browserVersion: 127.0.6533.74, chrome: {chromedriverVersion: 126.0.6478.182 (5b5d8292ddf..., userDataDir: C:\Users\simpl\AppData\Loca...}, fedcm:accounts: true, goog:chromeOptions: {debuggerAddress: localhost:52876}, networkConnectionEnabled: false, pageLoadStrategy: normal, platformName: windows, proxy: Proxy(), se:cdp: ws://localhost:52876/devtoo..., se:cdpVersion: 127.0.6533.74, setWindowRect: true, strictFileInteractability: false, timeouts: {implicit: 0, pageLoad: 300000, script: 30000}, unhandledPromptBehavior: dismiss and notify, webauthn:extension:credBlob: true, webauthn:extension:largeBlob: true, webauthn:extension:minPinLength: true, webauthn:extension:prf: true, webauthn:virtualAuthenticators: true}
Session ID: 3c31a01807928ff77372bef5c288b907">
      <![CDATA[org.openqa.selenium.NoSuchElementException: no such element: Unable to locate element: {"method":"xpath","selector":"//div[text()='Assigned to']/parent::td//a"}
  (Session info: chrome=127.0.6533.74)
For documentation on this error, please visit: https://www.selenium.dev/documentation/webdriver/troubleshooting/errors#no-such-element-exception
Build info: version: '4.21.0', revision: '79ed462ef4'
System info: os.name: 'Windows 11', os.arch: 'amd64', os.version: '10.0', java.version: '17.0.5'
Driver info: org.openqa.selenium.chrome.ChromeDriver
Command: [3c31a01807928ff77372bef5c288b907, findElement {value=//div[text()='Assigned to']/parent::td//a, using=xpath}]
Capabilities {acceptInsecureCerts: false, browserName: chrome, browserVersion: 127.0.6533.74, chrome: {chromedriverVersion: 126.0.6478.182 (5b5d8292ddf..., userDataDir: C:\Users\simpl\AppData\Loca...}, fedcm:accounts: true, goog:chromeOptions: {debuggerAddress: localhost:52876}, networkConnectionEnabled: false, pageLoadStrategy: normal, platformName: windows, proxy: Proxy(), se:cdp: ws://localhost:52876/devtoo..., se:cdpVersion: 127.0.6533.74, setWindowRect: true, strictFileInteractability: false, timeouts: {implicit: 0, pageLoad: 300000, script: 30000}, unhandledPromptBehavior: dismiss and notify, webauthn:extension:credBlob: true, webauthn:extension:largeBlob: true, webauthn:extension:minPinLength: true, webauthn:extension:prf: true, webauthn:virtualAuthenticators: true}
Session ID: 3c31a01807928ff77372bef5c288b907
at java.base/jdk.internal.reflect.NativeConstructorAccessorImpl.newInstance0(Native Method)
at java.base/jdk.internal.reflect.NativeConstructorAccessorImpl.newInstance(NativeConstructorAccessorImpl.java:77)
at java.base/jdk.internal.reflect.DelegatingConstructorAccessorImpl.newInstance(DelegatingConstructorAccessorImpl.java:45)
at java.base/java.lang.reflect.Constructor.newInstanceWithCaller(Constructor.java:499)
at java.base/java.lang.reflect.Constructor.newInstance(Constructor.java:480)
at org.openqa.selenium.remote.ErrorCodec.decode(ErrorCodec.java:167)
at org.openqa.selenium.remote.codec.w3c.W3CHttpResponseCodec.decode(W3CHttpResponseCodec.java:138)
at org.openqa.selenium.remote.codec.w3c.W3CHttpResponseCodec.decode(W3CHttpResponseCodec.java:50)
at org.openqa.selenium.remote.HttpCommandExecutor.execute(HttpCommandExecutor.java:190)
at org.openqa.selenium.remote.service.DriverCommandExecutor.invokeExecute(DriverCommandExecutor.java:216)
at org.openqa.selenium.remote.service.DriverCommandExecutor.execute(DriverCommandExecutor.java:174)
at org.openqa.selenium.remote.RemoteWebDriver.execute(RemoteWebDriver.java:518)
at org.openqa.selenium.remote.ElementLocation$ElementFinder$2.findElement(ElementLocation.java:165)
at org.openqa.selenium.remote.ElementLocation.findElement(ElementLocation.java:59)
at org.openqa.selenium.remote.RemoteWebDriver.findElement(RemoteWebDriver.java:355)
at org.openqa.selenium.remote.RemoteWebDriver.findElement(RemoteWebDriver.java:349)
at POM_Lead_Module.Lead_ListView.massupdate(Lead_ListView.java:637)
at POM_Lead_Module.Lead_ListView.massUpdate(Lead_ListView.java:316)
at Library_Files.CommonFunctions.MassUpdateCaseModule(CommonFunctions.java:345)
at Notes_Module.NotesTestClass.MassUpdateNotesModule(NotesTestClass.java:218)
at java.base/jdk.internal.reflect.NativeMethodAccessorImpl.invoke0(Native Method)
at java.base/jdk.internal.reflect.NativeMethodAccessorImpl.invoke(NativeMethodAccessorImpl.java:77)
at java.base/jdk.internal.reflect.DelegatingMethodAccessorImpl.invoke(DelegatingMethodAccessorImpl.java:43)
at java.base/java.lang.reflect.Method.invoke(Method.java:568)
at org.testng.internal.invokers.MethodInvocationHelper.invokeMethod(MethodInvocationHelper.java:141)
at org.testng.internal.invokers.TestInvoker.invokeMethod(TestInvoker.java:686)
at org.testng.internal.invokers.TestInvoker.invokeTestMethod(TestInvoker.java:230)
at org.testng.internal.invokers.MethodRunner.runInSequence(MethodRunner.java:63)
at org.testng.internal.invokers.TestInvoker$MethodInvocationAgent.invoke(TestInvoker.java:992)
at org.testng.internal.invokers.TestInvoker.invokeTestMethods(TestInvoker.java:203)
at org.testng.internal.invokers.TestMethodWorker.invokeTestMethods(TestMethodWorker.java:154)
at org.testng.internal.invokers.TestMethodWorker.run(TestMethodWorker.java:134)
at java.base/java.util.ArrayList.forEach(ArrayList.java:1511)
at org.testng.TestRunner.privateRun(TestRunner.java:739)
at org.testng.TestRunner.run(TestRunner.java:614)
at org.testng.SuiteRunner.runTest(SuiteRunner.java:421)
at org.testng.SuiteRunner.runSequentially(SuiteRunner.java:413)
at org.testng.SuiteRunner.privateRun(SuiteRunner.java:373)
at org.testng.SuiteRunner.run(SuiteRunner.java:312)
at org.testng.SuiteRunnerWorker.runSuite(SuiteRunnerWorker.java:52)
at org.testng.SuiteRunnerWorker.run(SuiteRunnerWorker.java:95)
at org.testng.TestNG.runSuitesSequentially(TestNG.java:1274)
at org.testng.TestNG.runSuitesLocally(TestNG.java:1208)
at org.testng.TestNG.runSuites(TestNG.java:1112)
at org.testng.TestNG.run(TestNG.java:1079)
at org.testng.remote.AbstractRemoteTestNG.run(AbstractRemoteTestNG.java:115)
at org.testng.remote.RemoteTestNG.initAndRun(RemoteTestNG.java:293)
at org.testng.remote.RemoteTestNG.main(RemoteTestNG.java:91)
]]>
    </failure>
  </testcase> <!-- MassUpdateNotesModule -->
  <testcase classname="Contacts_Module.ContactsTestClass" name="EmailSetting" time="0.0">
    <ignored/>
  </testcase> <!-- EmailSetting -->
  <testcase classname="Lead_Module.LeadTestClass" name="ExportRecordsForLeads" time="0.0">
    <ignored/>
  </testcase> <!-- ExportRecordsForLeads -->
  <testcase classname="Lead_Module.LeadTestClass" name="EmailSetting" time="0.0">
    <ignored/>
  </testcase> <!-- EmailSetting -->
  <testcase classname="Notes_Module.NotesTestClass" name="DeleteNoteFromEditOption" time="0.0">
    <ignored/>
  </testcase> <!-- DeleteNoteFromEditOption -->
  <testcase classname="Task_Module.TaskTestClass" name="CreateTasks" time="0.0">
    <ignored/>
  </testcase> <!-- CreateTasks -->
  <testcase classname="Cases_Module.CasesTestClass" name="DuplicateCase" time="0.0">
    <ignored/>
  </testcase> <!-- DuplicateCase -->
  <testcase classname="Calls_Module.CallsTestClass" name="EditCall" time="0.0">
    <ignored/>
  </testcase> <!-- EditCall -->
  <testcase classname="Task_Module.TaskTestClass" name="ExportRecordsForTasks" time="0.0">
    <ignored/>
  </testcase> <!-- ExportRecordsForTasks -->
  <testcase classname="Meeting_Module.MeetingsTestClass" name="DeleteMeetingsFromEditOption" time="0.0">
    <ignored/>
  </testcase> <!-- DeleteMeetingsFromEditOption -->
  <testcase classname="Meeting_Module.MeetingsTestClass" name="CreateMeetings" time="0.0">
    <ignored/>
  </testcase> <!-- CreateMeetings -->
  <testcase classname="Cases_Module.CasesTestClass" name="DeleteCaseFromListView" time="0.0">
    <ignored/>
  </testcase> <!-- DeleteCaseFromListView -->
  <testcase classname="Opportunities_Module.OpportunitiesTestClass" name="DeleteOpportunityFromEditOption" time="0.0">
    <ignored/>
  </testcase> <!-- DeleteOpportunityFromEditOption -->
  <testcase classname="Notes_Module.NotesTestClass" name="CreateNotes" time="0.0">
    <ignored/>
  </testcase> <!-- CreateNotes -->
  <testcase classname="Task_Module.TaskTestClass" name="DuplicateTask" time="0.0">
    <ignored/>
  </testcase> <!-- DuplicateTask -->
  <testcase classname="Task_Module.TaskTestClass" name="DeleteTaskFromEditOption" time="0.0">
    <ignored/>
  </testcase> <!-- DeleteTaskFromEditOption -->
  <testcase classname="Documents_Module.DocumentsTestClass" name="DeleteDocumentFromListView" time="0.0">
    <ignored/>
  </testcase> <!-- DeleteDocumentFromListView -->
  <testcase classname="Meeting_Module.MeetingsTestClass" name="ExportRecordsForMeetings" time="0.0">
    <ignored/>
  </testcase> <!-- ExportRecordsForMeetings -->
  <testcase classname="Meeting_Module.MeetingsTestClass" name="DuplicateMeetings" time="0.0">
    <ignored/>
  </testcase> <!-- DuplicateMeetings -->
  <testcase classname="Documents_Module.DocumentsTestClass" name="ExportRecordsForDocuments" time="0.0">
    <ignored/>
  </testcase> <!-- ExportRecordsForDocuments -->
  <testcase classname="Calls_Module.CallsTestClass" name="DeleteCallFromEditOption" time="0.0">
    <ignored/>
  </testcase> <!-- DeleteCallFromEditOption -->
  <testcase classname="Cases_Module.CasesTestClass" name="CreateCase" time="0.0">
    <ignored/>
  </testcase> <!-- CreateCase -->
  <testcase classname="Opportunities_Module.OpportunitiesTestClass" name="DeleteOpportunityFromListView" time="0.0">
    <ignored/>
  </testcase> <!-- DeleteOpportunityFromListView -->
  <testcase classname="Documents_Module.DocumentsTestClass" name="CreateDocument" time="0.0">
    <ignored/>
  </testcase> <!-- CreateDocument -->
  <testcase classname="Account_Module.AccountTestClass" name="CreateAccount" time="0.0">
    <ignored/>
  </testcase> <!-- CreateAccount -->
  <testcase classname="Cases_Module.CasesTestClass" name="ExportRecordsForCases" time="0.0">
    <ignored/>
  </testcase> <!-- ExportRecordsForCases -->
  <testcase classname="Library_Files.Base_Class" name="@BeforeSuite extentReport" time="0.0">
    <ignored/>
  </testcase> <!-- @BeforeSuite extentReport -->
  <testcase classname="Cases_Module.CasesTestClass" name="DeleteCaseFromEditOption" time="0.0">
    <ignored/>
  </testcase> <!-- DeleteCaseFromEditOption -->
  <testcase classname="Lead_Module.LeadTestClass" name="DeleteFromEditOption" time="0.0">
    <ignored/>
  </testcase> <!-- DeleteFromEditOption -->
  <testcase classname="Library_Files.Base_Class" name="@BeforeSuite extentReport" time="0.0">
    <ignored/>
  </testcase> <!-- @BeforeSuite extentReport -->
  <testcase classname="Account_Module.AccountTestClass" name="ExportRecordsForAccounts" time="0.0">
    <ignored/>
  </testcase> <!-- ExportRecordsForAccounts -->
  <testcase classname="Opportunities_Module.OpportunitiesTestClass" name="DuplicateOpportunity" time="0.0">
    <ignored/>
  </testcase> <!-- DuplicateOpportunity -->
  <testcase classname="Opportunities_Module.OpportunitiesTestClass" name="CreateOpportunities" time="0.0">
    <ignored/>
  </testcase> <!-- CreateOpportunities -->
  <testcase classname="Library_Files.Base_Class" name="@BeforeSuite extentReport" time="0.0">
    <ignored/>
  </testcase> <!-- @BeforeSuite extentReport -->
  <testcase classname="Account_Module.AccountTestClass" name="DeleteAccountFromListView" time="0.0">
    <ignored/>
  </testcase> <!-- DeleteAccountFromListView -->
  <testcase classname="Lead_Module.LeadTestClass" name="EditLead" time="0.0">
    <ignored/>
  </testcase> <!-- EditLead -->
  <testcase classname="Contacts_Module.ContactsTestClass" name="CreateContacts" time="0.0">
    <ignored/>
  </testcase> <!-- CreateContacts -->
  <testcase classname="Documents_Module.DocumentsTestClass" name="DuplicateDocument" time="0.0">
    <ignored/>
  </testcase> <!-- DuplicateDocument -->
  <testcase classname="Contacts_Module.ContactsTestClass" name="alternteAddress" time="0.0">
    <ignored/>
  </testcase> <!-- alternteAddress -->
  <testcase classname="Library_Files.Base_Class" name="@BeforeSuite extentReport" time="0.0">
    <ignored/>
  </testcase> <!-- @BeforeSuite extentReport -->
  <testcase classname="Account_Module.AccountTestClass" name="FilterOnAccountModule" time="0.0">
    <ignored/>
  </testcase> <!-- FilterOnAccountModule -->
  <testcase classname="Contacts_Module.ContactsTestClass" name="DeleteContactFromListView" time="0.0">
    <ignored/>
  </testcase> <!-- DeleteContactFromListView -->
  <testcase classname="Calls_Module.CallsTestClass" name="DuplicateCalls" time="0.0">
    <ignored/>
  </testcase> <!-- DuplicateCalls -->
  <testcase classname="Contacts_Module.ContactsTestClass" name="DeleteContactFromEditOption" time="0.0">
    <ignored/>
  </testcase> <!-- DeleteContactFromEditOption -->
  <testcase classname="Library_Files.Base_Class" name="@BeforeSuite extentReport" time="0.0">
    <ignored/>
  </testcase> <!-- @BeforeSuite extentReport -->
  <testcase classname="Library_Files.Base_Class" name="@BeforeSuite extentReport" time="0.0">
    <ignored/>
  </testcase> <!-- @BeforeSuite extentReport -->
  <testcase classname="Account_Module.AccountTestClass" name="MultipleEmailAddress" time="0.0">
    <ignored/>
  </testcase> <!-- MultipleEmailAddress -->
  <testcase classname="Account_Module.AccountTestClass" name="EditAccount" time="0.0">
    <ignored/>
  </testcase> <!-- EditAccount -->
  <testcase classname="Task_Module.TaskTestClass" name="EditTask" time="0.0">
    <ignored/>
  </testcase> <!-- EditTask -->
  <testcase classname="Contacts_Module.ContactsTestClass" name="EditContacts" time="0.0">
    <ignored/>
  </testcase> <!-- EditContacts -->
  <testcase classname="Calls_Module.CallsTestClass" name="CreateCalls" time="0.0">
    <ignored/>
  </testcase> <!-- CreateCalls -->
  <testcase classname="Library_Files.Base_Class" name="@BeforeSuite extentReport" time="0.0">
    <ignored/>
  </testcase> <!-- @BeforeSuite extentReport -->
  <testcase classname="Contacts_Module.ContactsTestClass" name="ExportRecordsForContacts" time="0.0">
    <ignored/>
  </testcase> <!-- ExportRecordsForContacts -->
  <testcase classname="Opportunities_Module.OpportunitiesTestClass" name="editOpportunity" time="0.0">
    <ignored/>
  </testcase> <!-- editOpportunity -->
  <testcase classname="Calls_Module.CallsTestClass" name="DeleteCallFromListView" time="0.0">
    <ignored/>
  </testcase> <!-- DeleteCallFromListView -->
  <testcase classname="Library_Files.Base_Class" name="@BeforeSuite extentReport" time="0.0">
    <ignored/>
  </testcase> <!-- @BeforeSuite extentReport -->
  <testcase classname="Notes_Module.NotesTestClass" name="EditNote" time="0.0">
    <ignored/>
  </testcase> <!-- EditNote -->
  <testcase classname="Lead_Module.LeadTestClass" name="CreateLead" time="0.0">
    <ignored/>
  </testcase> <!-- CreateLead -->
  <testcase classname="Lead_Module.LeadTestClass" name="DeleteLeadFromListView" time="0.0">
    <ignored/>
  </testcase> <!-- DeleteLeadFromListView -->
  <testcase classname="Opportunities_Module.OpportunitiesTestClass" name="ExportRecordsForOpportunities" time="0.0">
    <ignored/>
  </testcase> <!-- ExportRecordsForOpportunities -->
  <testcase classname="Documents_Module.DocumentsTestClass" name="EditDocument" time="0.0">
    <ignored/>
  </testcase> <!-- EditDocument -->
  <testcase classname="Documents_Module.DocumentsTestClass" name="DeleteDocumentFromEditOption" time="0.0">
    <ignored/>
  </testcase> <!-- DeleteDocumentFromEditOption -->
  <testcase classname="Contacts_Module.ContactsTestClass" name="FilterOnContactsModule" time="0.0">
    <ignored/>
  </testcase> <!-- FilterOnContactsModule -->
  <testcase classname="Cases_Module.CasesTestClass" name="EditCase" time="0.0">
    <ignored/>
  </testcase> <!-- EditCase -->
  <testcase classname="Lead_Module.LeadTestClass" name="alternteAddress" time="0.0">
    <ignored/>
  </testcase> <!-- alternteAddress -->
  <testcase classname="Cases_Module.CasesTestClass" name="VerifyDuplicateCase" time="0.0">
    <ignored/>
  </testcase> <!-- VerifyDuplicateCase -->
  <testcase classname="Account_Module.AccountTestClass" name="DeleteAccountFromEditOption" time="0.0">
    <ignored/>
  </testcase> <!-- DeleteAccountFromEditOption -->
  <testcase classname="Notes_Module.NotesTestClass" name="DeleteNoteFromListView" time="0.0">
    <ignored/>
  </testcase> <!-- DeleteNoteFromListView -->
  <testcase classname="Library_Files.Base_Class" name="@BeforeSuite extentReport" time="0.0">
    <ignored/>
  </testcase> <!-- @BeforeSuite extentReport -->
  <testcase classname="Contacts_Module.ContactsTestClass" name="DuplicateContact" time="0.0">
    <ignored/>
  </testcase> <!-- DuplicateContact -->
  <testcase classname="Lead_Module.LeadTestClass" name="MultipleEmailAddress" time="0.0">
    <ignored/>
  </testcase> <!-- MultipleEmailAddress -->
  <testcase classname="Notes_Module.NotesTestClass" name="ExportRecordsForNotes" time="0.0">
    <ignored/>
  </testcase> <!-- ExportRecordsForNotes -->
  <testcase classname="Task_Module.TaskTestClass" name="DeleteTaskFromListView" time="0.0">
    <ignored/>
  </testcase> <!-- DeleteTaskFromListView -->
  <testcase classname="Meeting_Module.MeetingsTestClass" name="DeleteMeetingsFromListView" time="0.0">
    <ignored/>
  </testcase> <!-- DeleteMeetingsFromListView -->
  <testcase classname="Calls_Module.CallsTestClass" name="ExportRecordsForCalls" time="0.0">
    <ignored/>
  </testcase> <!-- ExportRecordsForCalls -->
  <testcase classname="Lead_Module.LeadTestClass" name="DuplicateLead" time="0.0">
    <ignored/>
  </testcase> <!-- DuplicateLead -->
  <testcase classname="Contacts_Module.ContactsTestClass" name="MultipleEmailAddress" time="0.0">
    <ignored/>
  </testcase> <!-- MultipleEmailAddress -->
  <testcase classname="Account_Module.AccountTestClass" name="ShippingAddress" time="0.0">
    <ignored/>
  </testcase> <!-- ShippingAddress -->
  <testcase classname="Meeting_Module.MeetingsTestClass" name="EditMeeting" time="0.0">
    <ignored/>
  </testcase> <!-- EditMeeting -->
  <testcase classname="Account_Module.AccountTestClass" name="EmailSetting" time="0.0">
    <ignored/>
  </testcase> <!-- EmailSetting -->
  <testcase classname="Notes_Module.NotesTestClass" name="DuplicateNotes" time="0.0">
    <ignored/>
  </testcase> <!-- DuplicateNotes -->
  <testcase classname="Account_Module.AccountTestClass" name="DuplicateAccount" time="0.0">
    <ignored/>
  </testcase> <!-- DuplicateAccount -->
</testsuite> <!-- Test -->
